[ 2017-07-12T16:47:38+08:00 ] ::1 /favicon.ico
INFO: [ app_init ] --START--
INFO: Run Behavior\BuildLiteBehavior [ RunTime:0.000016s ]
INFO: [ app_init ] --END-- [ RunTime:0.014039s ]
ERR: 无法加载模块:Favicon

[ 2017-07-12T16:47:38+08:00 ] 127.0.0.1 /favicon.ico
INFO: [ app_init ] --START--
INFO: Run Behavior\BuildLiteBehavior [ RunTime:0.000015s ]
INFO: [ app_init ] --END-- [ RunTime:0.014019s ]
ERR: 无法加载模块:Favicon

[ 2017-07-12T16:47:38+08:00 ] ::1 /favicon.ico
INFO: [ app_init ] --START--
INFO: Run Behavior\BuildLiteBehavior [ RunTime:0.000012s ]
INFO: [ app_init ] --END-- [ RunTime:0.000293s ]
ERR: 无法加载模块:Favicon

[ 2017-07-12T16:47:49+08:00 ] 127.0.0.1 /images/img_bg_1.jpg
INFO: [ app_init ] --START--
INFO: Run Behavior\BuildLiteBehavior [ RunTime:0.000017s ]
INFO: [ app_init ] --END-- [ RunTime:0.000368s ]
ERR: 无法加载模块:Images

[ 2017-07-12T16:47:50+08:00 ] 127.0.0.1 /favicon.ico
INFO: [ app_init ] --START--
INFO: Run Behavior\BuildLiteBehavior [ RunTime:0.000012s ]
INFO: [ app_init ] --END-- [ RunTime:0.000294s ]
ERR: 无法加载模块:Favicon

[ 2017-07-12T17:04:00+08:00 ] 127.0.0.1 /pagead/html/r20170705/r20170110/zrt_lookup.html
INFO: [ app_init ] --START--
INFO: Run Behavior\BuildLiteBehavior [ RunTime:0.000020s ]
INFO: [ app_init ] --END-- [ RunTime:0.000912s ]
ERR: 无法加载模块:Pagead

[ 2017-07-12T17:04:01+08:00 ] 127.0.0.1 /pagead/ads?client=ca-pub-8990951720398508&output=html&h=90&slotname=8267689356%2F1778791602&adk=860972829&adf=1789325654&w=960&lmt=1499850241&ea=0&flash=25.0.0&url=http%3A%2F%2Fbbs.csdn.net%2Ftopics%2F320250697&wgl=1&dt=1499850240888&bpp=19&bdt=614&fdt=22&idt=203&shv=r20170705&cbv=r20170110&saldr=sa&correlator=1232601332083&frm=20&ga_vid=1506482885.1499850241&ga_sid=1499850241&ga_hid=1676342918&ga_fc=0&pv=2&iag=3&icsg=2&nhd=1&dssz=2&mdo=0&mso=0&u_tz=480&u_his=1&u_java=0&u_h=1080&u_w=1920&u_ah=1030&u_aw=1920&u_cd=24&u_nplug=21&u_nmime=41&adx=460&ady=107&biw=1880&bih=907&abxe=1&eid=4089043%2C10583696%2C828064250%2C137237720&oid=3&ref=https%3A%2F%2Fwww.baidu.com%2Flink%3Furl%3D5ajY1fHICeIJPCCNvgUohDcO91a0nI3Wjb9W1DicuJ-9pb1rZkPFB7W2kZ2sudDi%26wd%3D%26eqid%3Df1693f5a00026996000000035965e2ab&rx=0&eae=2&fc=528&brdim=0%2C0%2C0%2C0%2C1920%2C0%2C1920%2C1030%2C1880%2C907&vis=1&rsz=%7C%7CeE%7C&abl=CS&ppjl=f&pfx=0&fu=8&bc=1&ifi=1&dtd=255
INFO: [ app_init ] --START--
INFO: Run Behavior\BuildLiteBehavior [ RunTime:0.000018s ]
INFO: [ app_init ] --END-- [ RunTime:0.000433s ]
ERR: 无法加载模块:Pagead

[ 2017-07-12T17:04:01+08:00 ] 127.0.0.1 /pagead/ads?client=ca-pub-8990951720398508&output=html&h=90&slotname=8267689356%2F7950890202&adk=2838809217&adf=1742464808&w=728&lmt=1499850241&ea=0&flash=25.0.0&url=http%3A%2F%2Fbbs.csdn.net%2Ftopics%2F320250697&wgl=1&dt=1499850241168&bpp=19&bdt=893&fdt=23&idt=26&shv=r20170705&cbv=r20170110&saldr=sa&prev_slotnames=8267689356%2F1778791602&correlator=1232601332083&frm=20&ga_vid=1506482885.1499850241&ga_sid=1499850241&ga_hid=1676342918&ga_fc=0&pv=1&iag=3&icsg=2&nhd=1&dssz=2&mdo=0&mso=0&u_tz=480&u_his=1&u_java=0&u_h=1080&u_w=1920&u_ah=1030&u_aw=1920&u_cd=24&u_nplug=21&u_nmime=41&adx=651&ady=629&biw=1880&bih=907&abxe=1&eid=4089043%2C10583696%2C828064250%2C137237720&oid=3&ref=https%3A%2F%2Fwww.baidu.com%2Flink%3Furl%3D5ajY1fHICeIJPCCNvgUohDcO91a0nI3Wjb9W1DicuJ-9pb1rZkPFB7W2kZ2sudDi%26wd%3D%26eqid%3Df1693f5a00026996000000035965e2ab&rx=0&eae=2&fc=528&brdim=0%2C0%2C0%2C0%2C1920%2C0%2C1920%2C1030%2C1880%2C907&vis=1&rsz=%7C%7CoeE%7C&abl=CS&ppjl=f&pfx=0&fu=8&bc=1&ifi=2&dtd=37
INFO: [ app_init ] --START--
INFO: Run Behavior\BuildLiteBehavior [ RunTime:0.000019s ]
INFO: [ app_init ] --END-- [ RunTime:0.000438s ]
ERR: 无法加载模块:Pagead

[ 2017-07-12T17:04:01+08:00 ] 127.0.0.1 /pagead/ads?client=ca-pub-8990951720398508&output=html&h=90&slotname=8267689356%2F8197924482&adk=2279793177&adf=2254469720&w=728&lmt=1499850241&ea=0&flash=25.0.0&url=http%3A%2F%2Fbbs.csdn.net%2Ftopics%2F320250697&wgl=1&dt=1499850241210&bpp=13&bdt=935&fdt=15&idt=24&shv=r20170705&cbv=r20170110&saldr=sa&prev_slotnames=8267689356%2F1778791602%2C8267689356%2F7950890202&correlator=1232601332083&frm=20&ga_vid=1506482885.1499850241&ga_sid=1499850241&ga_hid=1676342918&ga_fc=0&pv=1&iag=3&icsg=2&nhd=1&dssz=2&mdo=0&mso=0&u_tz=480&u_his=1&u_java=0&u_h=1080&u_w=1920&u_ah=1030&u_aw=1920&u_cd=24&u_nplug=21&u_nmime=41&adx=666&ady=734&biw=1880&bih=907&abxe=1&eid=4089043%2C10583696%2C828064250%2C137237720&oid=3&ref=https%3A%2F%2Fwww.baidu.com%2Flink%3Furl%3D5ajY1fHICeIJPCCNvgUohDcO91a0nI3Wjb9W1DicuJ-9pb1rZkPFB7W2kZ2sudDi%26wd%3D%26eqid%3Df1693f5a00026996000000035965e2ab&rx=0&eae=2&fc=528&brdim=0%2C0%2C0%2C0%2C1920%2C0%2C1920%2C1030%2C1880%2C907&vis=1&rsz=%7C%7CoeE%7C&abl=CS&ppjl=f&pfx=0&fu=8&bc=1&ifi=3&dtd=36
INFO: [ app_init ] --START--
INFO: Run Behavior\BuildLiteBehavior [ RunTime:0.000020s ]
INFO: [ app_init ] --END-- [ RunTime:0.000547s ]
ERR: 无法加载模块:Pagead

[ 2017-07-12T17:04:02+08:00 ] 127.0.0.1 /pagead/ads?client=ca-pub-8990951720398508&output=html&h=90&slotname=8267689356%2F2556735882&adk=1644546727&adf=464552196&w=960&lmt=1499850242&ea=0&flash=25.0.0&url=http%3A%2F%2Fbbs.csdn.net%2Ftopics%2F320250697&wgl=1&dt=1499850242421&bpp=6&bdt=2146&fdt=7&idt=9&shv=r20170705&cbv=r20170110&saldr=sa&prev_slotnames=8267689356%2F1778791602%2C8267689356%2F7950890202%2C8267689356%2F8197924482&correlator=1232601332083&frm=20&ga_vid=1506482885.1499850241&ga_sid=1499850241&ga_hid=1676342918&ga_fc=0&pv=1&iag=3&icsg=2&nhd=1&dssz=2&mdo=0&mso=0&u_tz=480&u_his=1&u_java=0&u_h=1080&u_w=1920&u_ah=1030&u_aw=1920&u_cd=24&u_nplug=21&u_nmime=41&adx=450&ady=12365&biw=1859&bih=907&abxe=1&eid=4089043%2C10583696%2C828064250%2C137237720&oid=3&ref=https%3A%2F%2Fwww.baidu.com%2Flink%3Furl%3D5ajY1fHICeIJPCCNvgUohDcO91a0nI3Wjb9W1DicuJ-9pb1rZkPFB7W2kZ2sudDi%26wd%3D%26eqid%3Df1693f5a00026996000000035965e2ab&rx=0&eae=2&fc=528&brdim=0%2C0%2C0%2C0%2C1920%2C0%2C1920%2C1030%2C1880%2C907&vis=1&rsz=%7C%7CeEbr%7C&abl=CS&ppjl=f&pfx=0&fu=8&bc=1&ifi=4&dtd=17
INFO: [ app_init ] --START--
INFO: Run Behavior\BuildLiteBehavior [ RunTime:0.000027s ]
INFO: [ app_init ] --END-- [ RunTime:0.000393s ]
ERR: 无法加载模块:Pagead

[ 2017-07-12T17:42:49+08:00 ] ::1 /favicon.ico
INFO: [ app_init ] --START--
INFO: Run Behavior\BuildLiteBehavior [ RunTime:0.000022s ]
INFO: [ app_init ] --END-- [ RunTime:0.000498s ]
ERR: 无法加载模块:Favicon

[ 2017-07-12T17:42:49+08:00 ] 127.0.0.1 /favicon.ico
INFO: [ app_init ] --START--
INFO: Run Behavior\BuildLiteBehavior [ RunTime:0.000021s ]
INFO: [ app_init ] --END-- [ RunTime:0.000582s ]
ERR: 无法加载模块:Favicon

[ 2017-07-12T17:42:49+08:00 ] ::1 /favicon.ico
INFO: [ app_init ] --START--
INFO: Run Behavior\BuildLiteBehavior [ RunTime:0.000017s ]
INFO: [ app_init ] --END-- [ RunTime:0.000378s ]
ERR: 无法加载模块:Favicon

[ 2017-07-12T17:42:54+08:00 ] 127.0.0.1 /pagead/html/r20170705/r20170110/zrt_lookup.html
INFO: [ app_init ] --START--
INFO: Run Behavior\BuildLiteBehavior [ RunTime:0.000019s ]
INFO: [ app_init ] --END-- [ RunTime:0.000511s ]
ERR: 无法加载模块:Pagead

[ 2017-07-12T17:42:54+08:00 ] 127.0.0.1 /pagead/ads?client=ca-pub-9715194504116347&format=728x90&output=html&h=90&slotname=4764887354&adk=3710786069&adf=4134371643&w=728&lmt=1499852574&loeid=368226015&flash=25.0.0&url=http%3A%2F%2Fwww.phpstudy.net%2Fa.php%2F187.html&wgl=1&dt=1499852574079&bpp=14&bdt=880&fdt=17&idt=56&shv=r20170705&cbv=r20170110&saldr=aa&correlator=7040168345425&frm=20&ga_vid=84538264.1499852574&ga_sid=1499852574&ga_hid=506720476&ga_fc=0&pv=2&iag=3&icsg=2&nhd=1&dssz=2&mdo=0&mso=0&u_tz=480&u_his=2&u_java=0&u_h=1080&u_w=1920&u_ah=1030&u_aw=1920&u_cd=24&u_nplug=21&u_nmime=41&adx=370&ady=120&biw=1859&bih=907&abxe=1&eid=368226005%2C137237720&oid=3&rx=0&eae=0&fc=528&brdim=0%2C0%2C0%2C0%2C1920%2C0%2C1920%2C1030%2C1880%2C907&vis=1&rsz=%7C%7CeE%7C&abl=CS&ppjl=u&pfx=0&fu=8&bc=1&ifi=1&xpc=evOgpS5CMu&p=http%3A//www.phpstudy.net&dtd=95
INFO: [ app_init ] --START--
INFO: Run Behavior\BuildLiteBehavior [ RunTime:0.000011s ]
INFO: [ app_init ] --END-- [ RunTime:0.000283s ]
ERR: 无法加载模块:Pagead

[ 2017-07-12T17:42:54+08:00 ] 127.0.0.1 /pagead/ads?client=ca-pub-9715194504116347&format=336x280&output=html&h=280&slotname=3148553357&adk=3983342525&adf=989708191&w=336&lmt=1499852574&loeid=368226015&flash=25.0.0&url=http%3A%2F%2Fwww.phpstudy.net%2Fa.php%2F187.html&wgl=1&dt=1499852574099&bpp=10&bdt=899&fdt=152&idt=156&shv=r20170705&cbv=r20170110&saldr=aa&prev_fmts=728x90&correlator=7040168345425&frm=20&ga_vid=84538264.1499852574&ga_sid=1499852574&ga_hid=506720476&ga_fc=0&pv=1&iag=3&icsg=2&nhd=1&dssz=2&mdo=0&mso=0&u_tz=480&u_his=2&u_java=0&u_h=1080&u_w=1920&u_ah=1030&u_aw=1920&u_cd=24&u_nplug=21&u_nmime=41&adx=376&ady=746&biw=1859&bih=907&abxe=1&eid=368226005%2C137237720&oid=3&rx=0&eae=0&fc=528&brdim=0%2C0%2C0%2C0%2C1920%2C0%2C1920%2C1030%2C1880%2C907&vis=1&rsz=d%7C%7CeE%7C&abl=CS&ppjl=u&pfx=0&fu=8&bc=1&ifi=2&xpc=kbEsCpXT8A&p=http%3A//www.phpstudy.net&dtd=170
INFO: [ app_init ] --START--
INFO: Run Behavior\BuildLiteBehavior [ RunTime:0.000013s ]
INFO: [ app_init ] --END-- [ RunTime:0.000305s ]
ERR: 无法加载模块:Pagead

[ 2017-07-12T19:07:20+08:00 ] 127.0.0.1 /pagead/html/r20170705/r20170110/zrt_lookup.html
INFO: [ app_init ] --START--
INFO: Run Behavior\BuildLiteBehavior [ RunTime:0.000021s ]
INFO: [ app_init ] --END-- [ RunTime:0.000518s ]
ERR: 无法加载模块:Pagead

[ 2017-07-12T19:07:20+08:00 ] 127.0.0.1 /pagead/ads?client=ca-pub-8990951720398508&output=html&h=90&slotname=8267689356%2F1778791602&adk=860972829&adf=1789325654&w=960&lmt=1499857640&ea=0&flash=25.0.0&url=http%3A%2F%2Fbbs.csdn.net%2Ftopics%2F390881275%3Fpage%3D1&wgl=1&dt=1499857639876&bpp=16&bdt=572&fdt=19&idt=162&shv=r20170705&cbv=r20170110&saldr=sa&correlator=7273821012745&frm=20&ga_vid=2101770277.1499857640&ga_sid=1499857640&ga_hid=1031677368&ga_fc=0&pv=2&iag=3&icsg=2&nhd=1&dssz=2&mdo=0&mso=0&u_tz=480&u_his=1&u_java=0&u_h=1080&u_w=1920&u_ah=1030&u_aw=1920&u_cd=24&u_nplug=21&u_nmime=41&adx=220&ady=107&biw=1400&bih=815&abxe=1&eid=4089043%2C20040042%2C20040066%2C389613001%2C137237721&oid=3&nmo=1&zm=1.02&ref=https%3A%2F%2Fwww.baidu.com%2Flink%3Furl%3DXLhQQbMbz-gf-C1_nzauMLPjyTVswNQgOT600T5zQACBSGeaxGe67Uv84-6gaXWdbMIQzj0M8CVnyLraiuU8W_%26wd%3D%26eqid%3D95b49fc400036953000000035965eca8&rx=0&eae=2&fc=528&brdim=-76%2C44%2C-76%2C44%2C1920%2C0%2C1440%2C945%2C1400%2C815&vis=1&rsz=%7C%7CeE%7C&abl=CS&ppjl=f&pfx=0&fu=8&bc=1&ifi=1&dtd=221
INFO: [ app_init ] --START--
INFO: Run Behavior\BuildLiteBehavior [ RunTime:0.000018s ]
INFO: [ app_init ] --END-- [ RunTime:0.000447s ]
ERR: 无法加载模块:Pagead

[ 2017-07-12T19:07:20+08:00 ] 127.0.0.1 /pagead/ads?client=ca-pub-8990951720398508&output=html&h=90&slotname=8267689356%2F7950890202&adk=2944604123&adf=780003807&w=728&lmt=1499857640&ea=0&flash=25.0.0&url=http%3A%2F%2Fbbs.csdn.net%2Ftopics%2F390881275%3Fpage%3D1&wgl=1&dt=1499857640128&bpp=15&bdt=823&fdt=16&idt=19&shv=r20170705&cbv=r20170110&saldr=sa&prev_slotnames=8267689356%2F1778791602&correlator=7273821012745&frm=20&ga_vid=2101770277.1499857640&ga_sid=1499857640&ga_hid=1031677368&ga_fc=0&pv=1&iag=3&icsg=2&nhd=1&dssz=2&mdo=0&mso=0&u_tz=480&u_his=1&u_java=0&u_h=1080&u_w=1920&u_ah=1030&u_aw=1920&u_cd=24&u_nplug=21&u_nmime=41&adx=401&ady=780&biw=1379&bih=815&abxe=1&eid=4089043%2C20040042%2C20040066%2C389613001%2C137237721&oid=3&nmo=1&zm=1.04&ref=https%3A%2F%2Fwww.baidu.com%2Flink%3Furl%3DXLhQQbMbz-gf-C1_nzauMLPjyTVswNQgOT600T5zQACBSGeaxGe67Uv84-6gaXWdbMIQzj0M8CVnyLraiuU8W_%26wd%3D%26eqid%3D95b49fc400036953000000035965eca8&rx=0&eae=2&fc=528&brdim=-76%2C44%2C-76%2C44%2C1920%2C0%2C1440%2C945%2C1400%2C815&vis=1&rsz=%7C%7CoeE%7C&abl=CS&ppjl=f&pfx=0&fu=8&bc=1&ifi=2&dtd=31
INFO: [ app_init ] --START--
INFO: Run Behavior\BuildLiteBehavior [ RunTime:0.000018s ]
INFO: [ app_init ] --END-- [ RunTime:0.000400s ]
ERR: 无法加载模块:Pagead

[ 2017-07-12T19:07:20+08:00 ] 127.0.0.1 /pagead/ads?client=ca-pub-8990951720398508&output=html&h=90&slotname=8267689356%2F8197924482&adk=1307313643&adf=1470573972&w=728&lmt=1499857640&ea=0&flash=25.0.0&url=http%3A%2F%2Fbbs.csdn.net%2Ftopics%2F390881275%3Fpage%3D1&wgl=1&dt=1499857640162&bpp=13&bdt=858&fdt=14&idt=16&shv=r20170705&cbv=r20170110&saldr=sa&prev_slotnames=8267689356%2F1778791602%2C8267689356%2F7950890202&correlator=7273821012745&frm=20&ga_vid=2101770277.1499857640&ga_sid=1499857640&ga_hid=1031677368&ga_fc=0&pv=1&iag=3&icsg=2&nhd=1&dssz=2&mdo=0&mso=0&u_tz=480&u_his=1&u_java=0&u_h=1080&u_w=1920&u_ah=1030&u_aw=1920&u_cd=24&u_nplug=21&u_nmime=41&adx=416&ady=885&biw=1379&bih=815&abxe=1&eid=4089043%2C20040042%2C20040066%2C389613001%2C137237721&oid=3&nmo=1&zm=1.04&ref=https%3A%2F%2Fwww.baidu.com%2Flink%3Furl%3DXLhQQbMbz-gf-C1_nzauMLPjyTVswNQgOT600T5zQACBSGeaxGe67Uv84-6gaXWdbMIQzj0M8CVnyLraiuU8W_%26wd%3D%26eqid%3D95b49fc400036953000000035965eca8&rx=0&eae=2&fc=528&brdim=-76%2C44%2C-76%2C44%2C1920%2C0%2C1440%2C945%2C1400%2C815&vis=1&rsz=%7C%7CoeEbr%7C&abl=CS&ppjl=f&pfx=0&fu=8&bc=1&ifi=3&dtd=30
INFO: [ app_init ] --START--
INFO: Run Behavior\BuildLiteBehavior [ RunTime:0.000012s ]
INFO: [ app_init ] --END-- [ RunTime:0.000309s ]
ERR: 无法加载模块:Pagead

[ 2017-07-12T19:07:20+08:00 ] 127.0.0.1 /pagead/ads?client=ca-pub-8990951720398508&output=html&h=90&slotname=8267689356%2F2556735882&adk=1644546727&adf=464552196&w=960&lmt=1499857640&ea=0&flash=25.0.0&url=http%3A%2F%2Fbbs.csdn.net%2Ftopics%2F390881275%3Fpage%3D1&wgl=1&dt=1499857640422&bpp=22&bdt=1119&fdt=23&idt=26&shv=r20170705&cbv=r20170110&saldr=sa&prev_slotnames=8267689356%2F1778791602%2C8267689356%2F7950890202%2C8267689356%2F8197924482&correlator=7273821012745&frm=20&ga_vid=2101770277.1499857640&ga_sid=1499857640&ga_hid=1031677368&ga_fc=0&pv=1&iag=3&icsg=2&nhd=1&dssz=2&mdo=0&mso=0&u_tz=480&u_his=1&u_java=0&u_h=1080&u_w=1920&u_ah=1030&u_aw=1920&u_cd=24&u_nplug=21&u_nmime=41&adx=210&ady=4772&biw=1379&bih=815&abxe=1&eid=4089043%2C20040042%2C20040066%2C389613001%2C137237721&oid=3&nmo=1&zm=1.04&ref=https%3A%2F%2Fwww.baidu.com%2Flink%3Furl%3DXLhQQbMbz-gf-C1_nzauMLPjyTVswNQgOT600T5zQACBSGeaxGe67Uv84-6gaXWdbMIQzj0M8CVnyLraiuU8W_%26wd%3D%26eqid%3D95b49fc400036953000000035965eca8&rx=0&eae=2&fc=528&brdim=-76%2C44%2C-76%2C44%2C1920%2C0%2C1440%2C945%2C1400%2C815&vis=1&rsz=%7C%7CeEbr%7C&abl=CS&ppjl=f&pfx=0&fu=8&bc=1&ifi=4&dtd=36
INFO: [ app_init ] --START--
INFO: Run Behavior\BuildLiteBehavior [ RunTime:0.000018s ]
INFO: [ app_init ] --END-- [ RunTime:0.000408s ]
ERR: 无法加载模块:Pagead

[ 2017-07-12T19:20:42+08:00 ] 127.0.0.1 /Public/fonts/themify.woff?-fvbane
INFO: [ app_init ] --START--
INFO: Run Behavior\BuildLiteBehavior [ RunTime:0.000012s ]
INFO: [ app_init ] --END-- [ RunTime:0.000426s ]
ERR: 无法加载模块:Public

[ 2017-07-12T19:20:42+08:00 ] 127.0.0.1 /Public/fonts/themify.ttf?-fvbane
INFO: [ app_init ] --START--
INFO: Run Behavior\BuildLiteBehavior [ RunTime:0.000019s ]
INFO: [ app_init ] --END-- [ RunTime:0.000450s ]
ERR: 无法加载模块:Public

[ 2017-07-12T19:21:01+08:00 ] 127.0.0.1 /Public/fonts/themify.woff?-fvbane
INFO: [ app_init ] --START--
INFO: Run Behavior\BuildLiteBehavior [ RunTime:0.000011s ]
INFO: [ app_init ] --END-- [ RunTime:0.000291s ]
ERR: 无法加载模块:Public

[ 2017-07-12T19:21:01+08:00 ] 127.0.0.1 /Public/fonts/themify.ttf?-fvbane
INFO: [ app_init ] --START--
INFO: Run Behavior\BuildLiteBehavior [ RunTime:0.000015s ]
INFO: [ app_init ] --END-- [ RunTime:0.000372s ]
ERR: 无法加载模块:Public

[ 2017-07-12T19:31:12+08:00 ] 127.0.0.1 /pagead/html/r20170705/r20170110/zrt_lookup.html
INFO: [ app_init ] --START--
INFO: Run Behavior\BuildLiteBehavior [ RunTime:0.000022s ]
INFO: [ app_init ] --END-- [ RunTime:0.000447s ]
ERR: 无法加载模块:Pagead

[ 2017-07-12T19:31:12+08:00 ] 127.0.0.1 /pagead/ads?client=ca-pub-8990951720398508&output=html&h=90&slotname=8267689356%2F1778791602&adk=860972829&adf=1789325654&w=960&lmt=1499859072&ea=0&flash=25.0.0&url=http%3A%2F%2Fbbs.csdn.net%2Ftopics%2F390920005&wgl=1&dt=1499859072283&bpp=16&bdt=554&fdt=19&idt=160&shv=r20170705&cbv=r20170110&saldr=sa&correlator=2584851071036&frm=20&ga_vid=240983915.1499859072&ga_sid=1499859072&ga_hid=2075354802&ga_fc=0&pv=2&iag=3&icsg=2&nhd=1&dssz=2&mdo=0&mso=0&u_tz=480&u_his=1&u_java=0&u_h=1080&u_w=1920&u_ah=1030&u_aw=1920&u_cd=24&u_nplug=21&u_nmime=41&adx=450&ady=107&biw=1859&bih=907&abxe=1&eid=4089043%2C137237721&oid=3&ref=https%3A%2F%2Fwww.baidu.com%2Flink%3Furl%3DwtOVQQKAbvV8Nu8mYWlmmr63PGQpPWullvMUJc8rGz4fBEbqCDgv6IXeCpz8Xepp%26wd%3D%26eqid%3Dcba3d6700001196f000000055966087a&rx=0&eae=2&fc=528&brdim=0%2C0%2C0%2C0%2C1920%2C0%2C1920%2C1030%2C1880%2C907&vis=1&rsz=%7C%7CeE%7C&abl=CS&ppjl=f&pfx=0&fu=8&bc=1&ifi=1&dtd=213
INFO: [ app_init ] --START--
INFO: Run Behavior\BuildLiteBehavior [ RunTime:0.000019s ]
INFO: [ app_init ] --END-- [ RunTime:0.000506s ]
ERR: 无法加载模块:Pagead

[ 2017-07-12T19:31:12+08:00 ] 127.0.0.1 /pagead/ads?client=ca-pub-8990951720398508&output=html&h=90&slotname=8267689356%2F8197924482&adk=2111253020&adf=1587991211&w=728&lmt=1499859072&ea=0&flash=25.0.0&url=http%3A%2F%2Fbbs.csdn.net%2Ftopics%2F390920005&wgl=1&dt=1499859072545&bpp=12&bdt=816&fdt=13&idt=18&shv=r20170705&cbv=r20170110&saldr=sa&prev_slotnames=8267689356%2F1778791602%2C8267689356%2F7950890202&correlator=2584851071036&frm=20&ga_vid=240983915.1499859072&ga_sid=1499859072&ga_hid=2075354802&ga_fc=0&pv=1&iag=3&icsg=2&nhd=1&dssz=2&mdo=0&mso=0&u_tz=480&u_his=1&u_java=0&u_h=1080&u_w=1920&u_ah=1030&u_aw=1920&u_cd=24&u_nplug=21&u_nmime=41&adx=656&ady=1704&biw=1859&bih=907&abxe=1&eid=4089043%2C137237721&oid=3&ref=https%3A%2F%2Fwww.baidu.com%2Flink%3Furl%3DwtOVQQKAbvV8Nu8mYWlmmr63PGQpPWullvMUJc8rGz4fBEbqCDgv6IXeCpz8Xepp%26wd%3D%26eqid%3Dcba3d6700001196f000000055966087a&rx=0&eae=2&fc=528&brdim=0%2C0%2C0%2C0%2C1920%2C0%2C1920%2C1030%2C1880%2C907&vis=1&rsz=%7C%7CoeEbr%7C&abl=CS&ppjl=f&pfx=0&fu=8&bc=1&ifi=3&dtd=28
INFO: [ app_init ] --START--
INFO: Run Behavior\BuildLiteBehavior [ RunTime:0.000012s ]
INFO: [ app_init ] --END-- [ RunTime:0.000308s ]
ERR: 无法加载模块:Pagead

[ 2017-07-12T19:31:12+08:00 ] 127.0.0.1 /pagead/ads?client=ca-pub-8990951720398508&output=html&h=90&slotname=8267689356%2F7950890202&adk=307217&adf=4165655216&w=728&lmt=1499859072&ea=0&flash=25.0.0&url=http%3A%2F%2Fbbs.csdn.net%2Ftopics%2F390920005&wgl=1&dt=1499859072513&bpp=14&bdt=784&fdt=15&idt=17&shv=r20170705&cbv=r20170110&saldr=sa&prev_slotnames=8267689356%2F1778791602&correlator=2584851071036&frm=20&ga_vid=240983915.1499859072&ga_sid=1499859072&ga_hid=2075354802&ga_fc=0&pv=1&iag=3&icsg=2&nhd=1&dssz=2&mdo=0&mso=0&u_tz=480&u_his=1&u_java=0&u_h=1080&u_w=1920&u_ah=1030&u_aw=1920&u_cd=24&u_nplug=21&u_nmime=41&adx=641&ady=1599&biw=1859&bih=907&abxe=1&eid=4089043%2C137237721&oid=3&ref=https%3A%2F%2Fwww.baidu.com%2Flink%3Furl%3DwtOVQQKAbvV8Nu8mYWlmmr63PGQpPWullvMUJc8rGz4fBEbqCDgv6IXeCpz8Xepp%26wd%3D%26eqid%3Dcba3d6700001196f000000055966087a&rx=0&eae=2&fc=528&brdim=0%2C0%2C0%2C0%2C1920%2C0%2C1920%2C1030%2C1880%2C907&vis=1&rsz=%7C%7CoeEbr%7C&abl=CS&ppjl=f&pfx=0&fu=8&bc=1&ifi=2&dtd=28
INFO: [ app_init ] --START--
INFO: Run Behavior\BuildLiteBehavior [ RunTime:0.000016s ]
INFO: [ app_init ] --END-- [ RunTime:0.000417s ]
ERR: 无法加载模块:Pagead

[ 2017-07-12T19:31:13+08:00 ] 127.0.0.1 /pagead/ads?client=ca-pub-8990951720398508&output=html&h=90&slotname=8267689356%2F2556735882&adk=1644546727&adf=464552196&w=960&lmt=1499859073&ea=0&flash=25.0.0&url=http%3A%2F%2Fbbs.csdn.net%2Ftopics%2F390920005&wgl=1&dt=1499859072937&bpp=9&bdt=1208&fdt=10&idt=148&shv=r20170705&cbv=r20170110&saldr=sa&prev_slotnames=8267689356%2F1778791602%2C8267689356%2F7950890202%2C8267689356%2F8197924482&correlator=2584851071036&frm=20&ga_vid=240983915.1499859072&ga_sid=1499859072&ga_hid=2075354802&ga_fc=0&pv=1&iag=3&icsg=2&nhd=1&dssz=2&mdo=0&mso=0&u_tz=480&u_his=1&u_java=0&u_h=1080&u_w=1920&u_ah=1030&u_aw=1920&u_cd=24&u_nplug=21&u_nmime=41&adx=450&ady=3033&biw=1859&bih=871&abxe=1&eid=4089043%2C137237721&oid=3&ref=https%3A%2F%2Fwww.baidu.com%2Flink%3Furl%3DwtOVQQKAbvV8Nu8mYWlmmr63PGQpPWullvMUJc8rGz4fBEbqCDgv6IXeCpz8Xepp%26wd%3D%26eqid%3Dcba3d6700001196f000000055966087a&rx=0&eae=2&fc=528&brdim=0%2C0%2C0%2C0%2C1920%2C0%2C1920%2C1030%2C1880%2C871&vis=1&rsz=%7C%7CeEbr%7C&abl=CS&ppjl=f&pfx=0&fu=8&bc=1&ifi=4&dtd=164
INFO: [ app_init ] --START--
INFO: Run Behavior\BuildLiteBehavior [ RunTime:0.000018s ]
INFO: [ app_init ] --END-- [ RunTime:0.000418s ]
ERR: 无法加载模块:Pagead

[ 2017-07-12T19:36:06+08:00 ] 127.0.0.1 /pagead/html/r20170705/r20170110/zrt_lookup.html
INFO: [ app_init ] --START--
INFO: Run Behavior\BuildLiteBehavior [ RunTime:0.000012s ]
INFO: [ app_init ] --END-- [ RunTime:0.000314s ]
ERR: 无法加载模块:Pagead

[ 2017-07-12T19:36:11+08:00 ] 127.0.0.1 /pagead/ads?client=ca-pub-8990951720398508&output=html&h=90&slotname=8267689356%2F1778791602&adk=860972829&adf=1789325654&w=960&lmt=1499859366&loeid=21060539&ea=0&flash=25.0.0&url=http%3A%2F%2Fbbs.csdn.net%2Ftopics%2F390426356&wgl=1&dt=1499859365807&bpp=19&bdt=459&fdt=23&idt=1043&shv=r20170705&cbv=r20170110&saldr=sa&correlator=8310722067933&frm=20&ga_vid=546677487.1499859367&ga_sid=1499859367&ga_hid=974090762&ga_fc=0&pv=2&iag=3&icsg=2&nhd=1&dssz=2&mdo=0&mso=0&u_tz=480&u_his=1&u_java=0&u_h=1080&u_w=1920&u_ah=1030&u_aw=1920&u_cd=24&u_nplug=21&u_nmime=41&adx=450&ady=107&biw=1859&bih=907&abxe=1&eid=4089043%2C137237720&oid=3&ref=https%3A%2F%2Fwww.baidu.com%2Flink%3Furl%3DY_7kWLmiYKAClstICXu5dGhQmxSVRq_BJantdP74VQhA8-jpcmae-ZSpV0tjnwZi%26wd%3D%26eqid%3D9f7f32d80000ef3800000005596608f5&rx=0&eae=2&fc=528&brdim=0%2C0%2C0%2C0%2C1920%2C0%2C1920%2C1030%2C1880%2C907&vis=2&rsz=%7C%7CeEr%7C&abl=CS&ppjl=f&pfx=0&fu=8&bc=1&ifi=1&dtd=1087
INFO: [ app_init ] --START--
INFO: Run Behavior\BuildLiteBehavior [ RunTime:0.000013s ]
INFO: [ app_init ] --END-- [ RunTime:0.000385s ]
ERR: 无法加载模块:Pagead

[ 2017-07-12T19:36:13+08:00 ] 127.0.0.1 /pagead/ads?client=ca-pub-8990951720398508&output=html&h=90&slotname=8267689356%2F7950890202&adk=608910948&adf=4176942996&w=728&lmt=1499859368&loeid=21060539&ea=0&flash=25.0.0&url=http%3A%2F%2Fbbs.csdn.net%2Ftopics%2F390426356&wgl=1&dt=1499859365919&bpp=20&bdt=572&fdt=2069&idt=2130&shv=r20170705&cbv=r20170110&saldr=sa&prev_slotnames=8267689356%2F1778791602&correlator=8310722067933&frm=20&ga_vid=546677487.1499859367&ga_sid=1499859367&ga_hid=974090762&ga_fc=0&pv=1&iag=3&icsg=2&nhd=1&dssz=2&mdo=0&mso=0&u_tz=480&u_his=1&u_java=0&u_h=1080&u_w=1920&u_ah=1030&u_aw=1920&u_cd=24&u_nplug=21&u_nmime=41&adx=641&ady=701&biw=1859&bih=907&abxe=1&eid=4089043%2C137237720&oid=3&ref=https%3A%2F%2Fwww.baidu.com%2Flink%3Furl%3DY_7kWLmiYKAClstICXu5dGhQmxSVRq_BJantdP74VQhA8-jpcmae-ZSpV0tjnwZi%26wd%3D%26eqid%3D9f7f32d80000ef3800000005596608f5&rx=0&eae=2&fc=528&brdim=0%2C0%2C0%2C0%2C1920%2C0%2C1920%2C1030%2C1880%2C907&vis=2&rsz=%7C%7CoeEr%7C&abl=CS&ppjl=f&pfx=0&fu=8&bc=1&ifi=2&dtd=2155
INFO: [ app_init ] --START--
INFO: Run Behavior\BuildLiteBehavior [ RunTime:0.000017s ]
INFO: [ app_init ] --END-- [ RunTime:0.000460s ]
ERR: 无法加载模块:Pagead

[ 2017-07-12T19:36:13+08:00 ] 127.0.0.1 /pagead/ads?client=ca-pub-8990951720398508&output=html&h=90&slotname=8267689356%2F8197924482&adk=3930425922&adf=2668124563&w=728&lmt=1499859368&loeid=21060539&ea=0&flash=25.0.0&url=http%3A%2F%2Fbbs.csdn.net%2Ftopics%2F390426356&wgl=1&dt=1499859365940&bpp=6&bdt=592&fdt=2330&idt=2333&shv=r20170705&cbv=r20170110&saldr=sa&prev_slotnames=8267689356%2F1778791602%2C8267689356%2F7950890202&correlator=8310722067933&frm=20&ga_vid=546677487.1499859367&ga_sid=1499859367&ga_hid=974090762&ga_fc=0&pv=1&iag=3&icsg=2&nhd=1&dssz=2&mdo=0&mso=0&u_tz=480&u_his=1&u_java=0&u_h=1080&u_w=1920&u_ah=1030&u_aw=1920&u_cd=24&u_nplug=21&u_nmime=41&adx=656&ady=806&biw=1859&bih=907&abxe=1&eid=4089043%2C137237720&oid=3&ref=https%3A%2F%2Fwww.baidu.com%2Flink%3Furl%3DY_7kWLmiYKAClstICXu5dGhQmxSVRq_BJantdP74VQhA8-jpcmae-ZSpV0tjnwZi%26wd%3D%26eqid%3D9f7f32d80000ef3800000005596608f5&rx=0&eae=2&fc=528&brdim=0%2C0%2C0%2C0%2C1920%2C0%2C1920%2C1030%2C1880%2C907&vis=1&rsz=%7C%7CoeE%7C&abl=CS&ppjl=f&pfx=0&fu=8&bc=1&ifi=3&dtd=2353
INFO: [ app_init ] --START--
INFO: Run Behavior\BuildLiteBehavior [ RunTime:0.000011s ]
INFO: [ app_init ] --END-- [ RunTime:0.000379s ]
ERR: 无法加载模块:Pagead

[ 2017-07-12T19:36:13+08:00 ] 127.0.0.1 /pagead/ads?client=ca-pub-8990951720398508&output=html&h=90&slotname=8267689356%2F2556735882&adk=1644546727&adf=464552196&w=960&lmt=1499859368&loeid=21060539&ea=0&flash=25.0.0&url=http%3A%2F%2Fbbs.csdn.net%2Ftopics%2F390426356&wgl=1&dt=1499859366003&bpp=16&bdt=655&fdt=2485&idt=2489&shv=r20170705&cbv=r20170110&saldr=sa&prev_slotnames=8267689356%2F1778791602%2C8267689356%2F7950890202%2C8267689356%2F8197924482&correlator=8310722067933&frm=20&ga_vid=546677487.1499859367&ga_sid=1499859367&ga_hid=974090762&ga_fc=0&pv=1&iag=3&icsg=2&nhd=1&dssz=2&mdo=0&mso=0&u_tz=480&u_his=1&u_java=0&u_h=1080&u_w=1920&u_ah=1030&u_aw=1920&u_cd=24&u_nplug=21&u_nmime=41&adx=450&ady=5124&biw=1859&bih=907&abxe=1&eid=4089043%2C137237720&oid=3&ref=https%3A%2F%2Fwww.baidu.com%2Flink%3Furl%3DY_7kWLmiYKAClstICXu5dGhQmxSVRq_BJantdP74VQhA8-jpcmae-ZSpV0tjnwZi%26wd%3D%26eqid%3D9f7f32d80000ef3800000005596608f5&rx=0&eae=2&fc=528&brdim=0%2C0%2C0%2C0%2C1920%2C0%2C1920%2C1030%2C1880%2C907&vis=1&rsz=%7C%7CeEbr%7C&abl=CS&ppjl=f&pfx=0&fu=8&bc=1&ifi=4&dtd=2515
INFO: [ app_init ] --START--
INFO: Run Behavior\BuildLiteBehavior [ RunTime:0.000012s ]
INFO: [ app_init ] --END-- [ RunTime:0.000407s ]
ERR: 无法加载模块:Pagead

[ 2017-07-12T20:00:13+08:00 ] 127.0.0.1 /pagead/html/r20170705/r20170110/zrt_lookup.html
INFO: [ app_init ] --START--
INFO: Run Behavior\BuildLiteBehavior [ RunTime:0.000016s ]
INFO: [ app_init ] --END-- [ RunTime:0.000443s ]
ERR: 无法加载模块:Pagead

[ 2017-07-12T20:00:13+08:00 ] 127.0.0.1 /pagead/ads?client=ca-pub-8990951720398508&output=html&h=90&slotname=8267689356%2F1778791602&adk=860972829&adf=1789325654&w=960&lmt=1499860813&ea=0&flash=25.0.0&url=http%3A%2F%2Fbbs.csdn.net%2Ftopics%2F390529544&wgl=1&dt=1499860813020&bpp=18&bdt=591&fdt=22&idt=101&shv=r20170705&cbv=r20170110&saldr=sa&correlator=6328556163983&frm=20&ga_vid=954802656.1499860813&ga_sid=1499860813&ga_hid=1254001714&ga_fc=0&pv=2&iag=3&icsg=2&nhd=1&dssz=2&mdo=0&mso=0&u_tz=480&u_his=1&u_java=0&u_h=1080&u_w=1920&u_ah=1030&u_aw=1920&u_cd=24&u_nplug=21&u_nmime=41&adx=450&ady=107&biw=1859&bih=907&abxe=1&eid=4089043%2C137237721&oid=3&ref=https%3A%2F%2Fwww.baidu.com%2Flink%3Furl%3DI5umeHrWXctNvr0oGkFMTiW6rReY1d2aGajZfLJzY47lJVuB87LVgcdzTsVHA-qo%26wd%3D%26eqid%3D9cff555700017b030000000559660ef5&rx=0&eae=2&fc=528&brdim=0%2C0%2C0%2C0%2C1920%2C0%2C1920%2C1030%2C1880%2C907&vis=2&rsz=%7C%7CeEr%7C&abl=CS&ppjl=f&pfx=0&fu=8&bc=1&ifi=1&dtd=175
INFO: [ app_init ] --START--
INFO: Run Behavior\BuildLiteBehavior [ RunTime:0.000017s ]
INFO: [ app_init ] --END-- [ RunTime:0.000445s ]
ERR: 无法加载模块:Pagead

[ 2017-07-12T20:00:13+08:00 ] 127.0.0.1 /pagead/ads?client=ca-pub-8990951720398508&output=html&h=90&slotname=8267689356%2F8197924482&adk=3083719979&adf=3558378548&w=728&lmt=1499860813&ea=0&flash=25.0.0&url=http%3A%2F%2Fbbs.csdn.net%2Ftopics%2F390529544&wgl=1&dt=1499860813247&bpp=17&bdt=819&fdt=19&idt=22&shv=r20170705&cbv=r20170110&saldr=sa&prev_slotnames=8267689356%2F1778791602%2C8267689356%2F7950890202&correlator=6328556163983&frm=20&ga_vid=954802656.1499860813&ga_sid=1499860813&ga_hid=1254001714&ga_fc=0&pv=1&iag=3&icsg=2&nhd=1&dssz=2&mdo=0&mso=0&u_tz=480&u_his=1&u_java=0&u_h=1080&u_w=1920&u_ah=1030&u_aw=1920&u_cd=24&u_nplug=21&u_nmime=41&adx=656&ady=2761&biw=1859&bih=907&abxe=1&eid=4089043%2C137237721&oid=3&ref=https%3A%2F%2Fwww.baidu.com%2Flink%3Furl%3DI5umeHrWXctNvr0oGkFMTiW6rReY1d2aGajZfLJzY47lJVuB87LVgcdzTsVHA-qo%26wd%3D%26eqid%3D9cff555700017b030000000559660ef5&rx=0&eae=2&fc=528&brdim=0%2C0%2C0%2C0%2C1920%2C0%2C1920%2C1030%2C1880%2C907&vis=2&rsz=%7C%7CoeEbr%7C&abl=CS&ppjl=f&pfx=0&fu=8&bc=1&ifi=3&dtd=37
INFO: [ app_init ] --START--
INFO: Run Behavior\BuildLiteBehavior [ RunTime:0.000022s ]
INFO: [ app_init ] --END-- [ RunTime:0.000494s ]
ERR: 无法加载模块:Pagead

[ 2017-07-12T20:00:13+08:00 ] 127.0.0.1 /pagead/ads?client=ca-pub-8990951720398508&output=html&h=90&slotname=8267689356%2F7950890202&adk=1029089644&adf=3563201334&w=728&lmt=1499860813&ea=0&flash=25.0.0&url=http%3A%2F%2Fbbs.csdn.net%2Ftopics%2F390529544&wgl=1&dt=1499860813202&bpp=25&bdt=774&fdt=27&idt=29&shv=r20170705&cbv=r20170110&saldr=sa&prev_slotnames=8267689356%2F1778791602&correlator=6328556163983&frm=20&ga_vid=954802656.1499860813&ga_sid=1499860813&ga_hid=1254001714&ga_fc=0&pv=1&iag=3&icsg=2&nhd=1&dssz=2&mdo=0&mso=0&u_tz=480&u_his=1&u_java=0&u_h=1080&u_w=1920&u_ah=1030&u_aw=1920&u_cd=24&u_nplug=21&u_nmime=41&adx=641&ady=2656&biw=1859&bih=907&abxe=1&eid=4089043%2C137237721&oid=3&ref=https%3A%2F%2Fwww.baidu.com%2Flink%3Furl%3DI5umeHrWXctNvr0oGkFMTiW6rReY1d2aGajZfLJzY47lJVuB87LVgcdzTsVHA-qo%26wd%3D%26eqid%3D9cff555700017b030000000559660ef5&rx=0&eae=2&fc=528&brdim=0%2C0%2C0%2C0%2C1920%2C0%2C1920%2C1030%2C1880%2C907&vis=2&rsz=%7C%7CoeEbr%7C&abl=CS&ppjl=f&pfx=0&fu=8&bc=1&ifi=2&dtd=41
INFO: [ app_init ] --START--
INFO: Run Behavior\BuildLiteBehavior [ RunTime:0.000018s ]
INFO: [ app_init ] --END-- [ RunTime:0.000376s ]
ERR: 无法加载模块:Pagead

[ 2017-07-12T20:00:13+08:00 ] 127.0.0.1 /pagead/ads?client=ca-pub-8990951720398508&output=html&h=90&slotname=8267689356%2F2556735882&adk=1644546727&adf=464552196&w=960&lmt=1499860813&ea=0&flash=25.0.0&url=http%3A%2F%2Fbbs.csdn.net%2Ftopics%2F390529544&wgl=1&dt=1499860813381&bpp=67&bdt=953&fdt=72&idt=91&shv=r20170705&cbv=r20170110&saldr=sa&prev_slotnames=8267689356%2F1778791602%2C8267689356%2F7950890202%2C8267689356%2F8197924482&correlator=6328556163983&frm=20&ga_vid=954802656.1499860813&ga_sid=1499860813&ga_hid=1254001714&ga_fc=0&pv=1&iag=3&icsg=2&nhd=1&dssz=2&mdo=0&mso=0&u_tz=480&u_his=1&u_java=0&u_h=1080&u_w=1920&u_ah=1030&u_aw=1920&u_cd=24&u_nplug=21&u_nmime=41&adx=450&ady=5857&biw=1859&bih=907&abxe=1&eid=4089043%2C137237721&oid=3&ref=https%3A%2F%2Fwww.baidu.com%2Flink%3Furl%3DI5umeHrWXctNvr0oGkFMTiW6rReY1d2aGajZfLJzY47lJVuB87LVgcdzTsVHA-qo%26wd%3D%26eqid%3D9cff555700017b030000000559660ef5&rx=0&eae=2&fc=528&brdim=0%2C0%2C0%2C0%2C1920%2C0%2C1920%2C1030%2C1880%2C907&vis=2&rsz=%7C%7CeEbr%7C&abl=CS&ppjl=f&pfx=0&fu=8&bc=1&ifi=4&dtd=130
INFO: [ app_init ] --START--
INFO: Run Behavior\BuildLiteBehavior [ RunTime:0.000018s ]
INFO: [ app_init ] --END-- [ RunTime:0.000468s ]
ERR: 无法加载模块:Pagead

[ 2017-07-12T20:54:13+08:00 ] ::1 /favicon.ico
INFO: [ app_init ] --START--
INFO: Run Behavior\BuildLiteBehavior [ RunTime:0.000019s ]
INFO: [ app_init ] --END-- [ RunTime:0.000640s ]
ERR: 无法加载模块:Favicon

[ 2017-07-12T20:54:13+08:00 ] 127.0.0.1 /favicon.ico
INFO: [ app_init ] --START--
INFO: Run Behavior\BuildLiteBehavior [ RunTime:0.000018s ]
INFO: [ app_init ] --END-- [ RunTime:0.000505s ]
ERR: 无法加载模块:Favicon

[ 2017-07-12T20:54:13+08:00 ] ::1 /favicon.ico
INFO: [ app_init ] --START--
INFO: Run Behavior\BuildLiteBehavior [ RunTime:0.000026s ]
INFO: [ app_init ] --END-- [ RunTime:0.000480s ]
ERR: 无法加载模块:Favicon

[ 2017-07-12T20:54:14+08:00 ] 127.0.0.1 /images/img_bg_1.jpg
INFO: [ app_init ] --START--
INFO: Run Behavior\BuildLiteBehavior [ RunTime:0.000013s ]
INFO: [ app_init ] --END-- [ RunTime:0.000298s ]
ERR: 无法加载模块:Images

[ 2017-07-12T20:54:14+08:00 ] 127.0.0.1 /favicon.ico
INFO: [ app_init ] --START--
INFO: Run Behavior\BuildLiteBehavior [ RunTime:0.000017s ]
INFO: [ app_init ] --END-- [ RunTime:0.000410s ]
ERR: 无法加载模块:Favicon

[ 2017-07-12T21:59:53+08:00 ] ::1 /favicon.ico
INFO: [ app_init ] --START--
INFO: Run Behavior\BuildLiteBehavior [ RunTime:0.000013s ]
INFO: [ app_init ] --END-- [ RunTime:0.000407s ]
ERR: 无法加载模块:Favicon

[ 2017-07-12T21:59:53+08:00 ] ::1 /favicon.ico
INFO: [ app_init ] --START--
INFO: Run Behavior\BuildLiteBehavior [ RunTime:0.000012s ]
INFO: [ app_init ] --END-- [ RunTime:0.000312s ]
ERR: 无法加载模块:Favicon

[ 2017-07-12T21:59:55+08:00 ] ::1 /images/img_bg_1.jpg
INFO: [ app_init ] --START--
INFO: Run Behavior\BuildLiteBehavior [ RunTime:0.000018s ]
INFO: [ app_init ] --END-- [ RunTime:0.000807s ]
ERR: 无法加载模块:Images

[ 2017-07-12T21:59:56+08:00 ] ::1 /favicon.ico
INFO: [ app_init ] --START--
INFO: Run Behavior\BuildLiteBehavior [ RunTime:0.000017s ]
INFO: [ app_init ] --END-- [ RunTime:0.000414s ]
ERR: 无法加载模块:Favicon

[ 2017-07-12T22:20:39+08:00 ] 127.0.0.1 /pagead/ads?client=ca-pub-6384567588307613&format=300x250&output=html&h=250&slotname=2817964327&adk=949686709&adf=1907345897&w=300&lmt=1499869239&avail_w=300&flash=26.0.0&url=http%3A%2F%2Fwww.jb51.net%2Farticle%2F53557.htm&wgl=1&dt=1499869238456&bpp=18&bdt=1500&fdt=41&idt=539&shv=r20170705&cbv=r20170110&saldr=aa&correlator=864376670892&frm=20&ga_vid=357410892.1499869239&ga_sid=1499869239&ga_hid=1983906916&ga_fc=0&pv=2&icsg=2&nhd=1&dssz=2&mdo=0&mso=0&u_tz=480&u_his=1&u_java=1&u_h=864&u_w=1536&u_ah=824&u_aw=1536&u_cd=24&u_nplug=1&u_nmime=2&adx=945&ady=613&biw=1490&bih=729&abxe=1&eid=10573696%2C137237720%2C21060589&oid=3&ref=%20https%3A%2F%2Fwww.baidu.com%2Flink%3Furl%3DBK6lqT4egku1lNtf4qUGiwzJwJ40GyNRSJ1bVqVRvh-7QsF8H368vmTAbYms25-T%26wd%3D%26eqid%3D89c02fb60006bd950000000359663028&rx=0&eae=0&fc=528&docm=11&brdim=30%2C78%2C-7%2C-7%2C1536%2C%2C1550%2C838%2C1507%2C729&vis=1&rsz=%7C%7CoeE%7C&abl=CS&ppjl=u&pfx=0&fu=1032&bc=1&ifi=1&xpc=L5XkoCUq6X&p=http%3A//www.jb51.net&dtd=560
INFO: [ app_init ] --START--
INFO: Run Behavior\BuildLiteBehavior [ RunTime:0.000012s ]
INFO: [ app_init ] --END-- [ RunTime:0.000328s ]
ERR: 无法加载模块:Pagead

[ 2017-07-12T22:20:39+08:00 ] 127.0.0.1 /pagead/ads?client=ca-pub-6389290466807248&format=300x250&output=html&h=250&slotname=6788945816&adk=419897682&adf=458818561&w=300&lmt=1499869239&avail_w=300&flash=26.0.0&url=http%3A%2F%2Fwww.jb51.net%2Farticle%2F53557.htm&wgl=1&dt=1499869238498&bpp=9&bdt=1543&fdt=697&idt=737&shv=r20170705&cbv=r20170110&saldr=aa&prev_fmts=300x250&correlator=864376670892&frm=20&ga_vid=357410892.1499869239&ga_sid=1499869239&ga_hid=1983906916&ga_fc=0&pv=2&icsg=2&nhd=1&dssz=2&mdo=0&mso=0&u_tz=480&u_his=1&u_java=1&u_h=864&u_w=1536&u_ah=824&u_aw=1536&u_cd=24&u_nplug=1&u_nmime=2&adx=945&ady=1257&biw=1490&bih=729&abxe=1&eid=10573696%2C137237720%2C21060589&oid=3&ref=%20https%3A%2F%2Fwww.baidu.com%2Flink%3Furl%3DBK6lqT4egku1lNtf4qUGiwzJwJ40GyNRSJ1bVqVRvh-7QsF8H368vmTAbYms25-T%26wd%3D%26eqid%3D89c02fb60006bd950000000359663028&rx=0&eae=0&fc=528&docm=11&brdim=30%2C78%2C-7%2C-7%2C1536%2C%2C1550%2C838%2C1507%2C729&vis=1&rsz=%7C%7CoeEbr%7C&abl=CS&ppjl=u&pfx=0&fu=1032&bc=1&ifi=2&xpc=mEVizLfmWt&p=http%3A//www.jb51.net&dtd=758
INFO: [ app_init ] --START--
INFO: Run Behavior\BuildLiteBehavior [ RunTime:0.000019s ]
INFO: [ app_init ] --END-- [ RunTime:0.000438s ]
ERR: 无法加载模块:Pagead

