[ 2017-09-02T15:18:00+08:00 ] ::1 /favicon.ico
INFO: [ app_init ] --START--
INFO: Run Behavior\BuildLiteBehavior [ RunTime:0.000051s ]
INFO: [ app_init ] --END-- [ RunTime:0.003856s ]
ERR: 无法加载模块:Favicon

[ 2017-09-02T15:18:00+08:00 ] ::1 /favicon.ico
INFO: [ app_init ] --START--
INFO: Run Behavior\BuildLiteBehavior [ RunTime:0.000031s ]
INFO: [ app_init ] --END-- [ RunTime:0.001104s ]
ERR: 无法加载模块:Favicon

[ 2017-09-02T15:18:03+08:00 ] ::1 /images/img_bg_1.jpg
INFO: [ app_init ] --START--
INFO: Run Behavior\BuildLiteBehavior [ RunTime:0.000051s ]
INFO: [ app_init ] --END-- [ RunTime:0.001546s ]
ERR: 无法加载模块:Images

[ 2017-09-02T15:18:04+08:00 ] ::1 /favicon.ico
INFO: [ app_init ] --START--
INFO: Run Behavior\BuildLiteBehavior [ RunTime:0.000047s ]
INFO: [ app_init ] --END-- [ RunTime:0.001565s ]
ERR: 无法加载模块:Favicon

