[ 2017-09-01T09:51:44+08:00 ] ::1 /favicon.ico
INFO: [ app_init ] --START--
INFO: Run Behavior\BuildLiteBehavior [ RunTime:0.000030s ]
INFO: [ app_init ] --END-- [ RunTime:0.003429s ]
ERR: 无法加载模块:Favicon

[ 2017-09-01T09:51:45+08:00 ] ::1 /favicon.ico
INFO: [ app_init ] --START--
INFO: Run Behavior\BuildLiteBehavior [ RunTime:0.000026s ]
INFO: [ app_init ] --END-- [ RunTime:0.000659s ]
ERR: 无法加载模块:Favicon

[ 2017-09-01T09:51:46+08:00 ] ::1 /images/img_bg_1.jpg
INFO: [ app_init ] --START--
INFO: Run Behavior\BuildLiteBehavior [ RunTime:0.000018s ]
INFO: [ app_init ] --END-- [ RunTime:0.000544s ]
ERR: 无法加载模块:Images

[ 2017-09-01T09:51:46+08:00 ] ::1 /favicon.ico
INFO: [ app_init ] --START--
INFO: Run Behavior\BuildLiteBehavior [ RunTime:0.000043s ]
INFO: [ app_init ] --END-- [ RunTime:0.001124s ]
ERR: 无法加载模块:Favicon

[ 2017-09-01T09:57:29+08:00 ] ::1 /images/img_bg_1.jpg
INFO: [ app_init ] --START--
INFO: Run Behavior\BuildLiteBehavior [ RunTime:0.000016s ]
INFO: [ app_init ] --END-- [ RunTime:0.000582s ]
ERR: 无法加载模块:Images

[ 2017-09-01T09:58:43+08:00 ] ::1 /favicon.ico
INFO: [ app_init ] --START--
INFO: Run Behavior\BuildLiteBehavior [ RunTime:0.000031s ]
INFO: [ app_init ] --END-- [ RunTime:0.001122s ]
ERR: 无法加载模块:Favicon

[ 2017-09-01T09:58:43+08:00 ] ::1 /favicon.ico
INFO: [ app_init ] --START--
INFO: Run Behavior\BuildLiteBehavior [ RunTime:0.000019s ]
INFO: [ app_init ] --END-- [ RunTime:0.000635s ]
ERR: 无法加载模块:Favicon

[ 2017-09-01T09:58:45+08:00 ] ::1 /images/img_bg_1.jpg
INFO: [ app_init ] --START--
INFO: Run Behavior\BuildLiteBehavior [ RunTime:0.000032s ]
INFO: [ app_init ] --END-- [ RunTime:0.001302s ]
ERR: 无法加载模块:Images

[ 2017-09-01T09:58:45+08:00 ] ::1 /favicon.ico
INFO: [ app_init ] --START--
INFO: Run Behavior\BuildLiteBehavior [ RunTime:0.000021s ]
INFO: [ app_init ] --END-- [ RunTime:0.000747s ]
ERR: 无法加载模块:Favicon

[ 2017-09-01T13:06:32+08:00 ] ::1 /images/img_bg_1.jpg
INFO: [ app_init ] --START--
INFO: Run Behavior\BuildLiteBehavior [ RunTime:0.000032s ]
INFO: [ app_init ] --END-- [ RunTime:0.001098s ]
ERR: 无法加载模块:Images

[ 2017-09-01T13:06:33+08:00 ] ::1 /favicon.ico
INFO: [ app_init ] --START--
INFO: Run Behavior\BuildLiteBehavior [ RunTime:0.000045s ]
INFO: [ app_init ] --END-- [ RunTime:0.001784s ]
ERR: 无法加载模块:Favicon

[ 2017-09-01T13:09:27+08:00 ] ::1 /images/img_bg_1.jpg
INFO: [ app_init ] --START--
INFO: Run Behavior\BuildLiteBehavior [ RunTime:0.000050s ]
INFO: [ app_init ] --END-- [ RunTime:0.027315s ]
ERR: 无法加载模块:Images

[ 2017-09-01T13:13:16+08:00 ] ::1 /images/img_bg_1.jpg
INFO: [ app_init ] --START--
INFO: Run Behavior\BuildLiteBehavior [ RunTime:0.000052s ]
INFO: [ app_init ] --END-- [ RunTime:0.029273s ]
ERR: 无法加载模块:Images

[ 2017-09-01T16:10:51+08:00 ] ::1 /favicon.ico
INFO: [ app_init ] --START--
INFO: Run Behavior\BuildLiteBehavior [ RunTime:0.000052s ]
INFO: [ app_init ] --END-- [ RunTime:0.003705s ]
ERR: 无法加载模块:Favicon

[ 2017-09-01T16:10:51+08:00 ] ::1 /favicon.ico
INFO: [ app_init ] --START--
INFO: Run Behavior\BuildLiteBehavior [ RunTime:0.000032s ]
INFO: [ app_init ] --END-- [ RunTime:0.001090s ]
ERR: 无法加载模块:Favicon

[ 2017-09-01T16:10:53+08:00 ] ::1 /images/img_bg_1.jpg
INFO: [ app_init ] --START--
INFO: Run Behavior\BuildLiteBehavior [ RunTime:0.000055s ]
INFO: [ app_init ] --END-- [ RunTime:0.001599s ]
ERR: 无法加载模块:Images

[ 2017-09-01T16:10:54+08:00 ] ::1 /favicon.ico
INFO: [ app_init ] --START--
INFO: Run Behavior\BuildLiteBehavior [ RunTime:0.000047s ]
INFO: [ app_init ] --END-- [ RunTime:0.001277s ]
ERR: 无法加载模块:Favicon

[ 2017-09-01T17:00:23+08:00 ] ::1 /Public/fonts/themify.woff?-fvbane
INFO: [ app_init ] --START--
INFO: Run Behavior\BuildLiteBehavior [ RunTime:0.000033s ]
INFO: [ app_init ] --END-- [ RunTime:0.001129s ]
ERR: 无法加载模块:Public

[ 2017-09-01T17:00:24+08:00 ] ::1 /Public/fonts/themify.ttf?-fvbane
INFO: [ app_init ] --START--
INFO: Run Behavior\BuildLiteBehavior [ RunTime:0.000132s ]
INFO: [ app_init ] --END-- [ RunTime:0.005133s ]
ERR: 无法加载模块:Public

[ 2017-09-01T17:22:57+08:00 ] ::1 /Public/fonts/themify.woff?-fvbane
INFO: [ app_init ] --START--
INFO: Run Behavior\BuildLiteBehavior [ RunTime:0.000055s ]
INFO: [ app_init ] --END-- [ RunTime:0.001224s ]
ERR: 无法加载模块:Public

[ 2017-09-01T17:22:57+08:00 ] ::1 /Public/fonts/themify.ttf?-fvbane
INFO: [ app_init ] --START--
INFO: Run Behavior\BuildLiteBehavior [ RunTime:0.001832s ]
INFO: [ app_init ] --END-- [ RunTime:0.041903s ]
ERR: 无法加载模块:Public

[ 2017-09-01T18:52:51+08:00 ] ::1 /Public/js/jquery.min.map
INFO: [ app_init ] --START--
INFO: Run Behavior\BuildLiteBehavior [ RunTime:0.000049s ]
INFO: [ app_init ] --END-- [ RunTime:0.008392s ]
ERR: 无法加载模块:Public

[ 2017-09-01T18:54:24+08:00 ] ::1 /Public/js/jquery.min.map
INFO: [ app_init ] --START--
INFO: Run Behavior\BuildLiteBehavior [ RunTime:0.000068s ]
INFO: [ app_init ] --END-- [ RunTime:0.001411s ]
ERR: 无法加载模块:Public

[ 2017-09-01T18:56:45+08:00 ] ::1 /Public/js/jquery.min.map
INFO: [ app_init ] --START--
INFO: Run Behavior\BuildLiteBehavior [ RunTime:0.000049s ]
INFO: [ app_init ] --END-- [ RunTime:0.001641s ]
ERR: 无法加载模块:Public

[ 2017-09-01T18:56:57+08:00 ] ::1 /Public/js/jquery.min.map
INFO: [ app_init ] --START--
INFO: Run Behavior\BuildLiteBehavior [ RunTime:0.000046s ]
INFO: [ app_init ] --END-- [ RunTime:0.003006s ]
ERR: 无法加载模块:Public

[ 2017-09-01T18:59:13+08:00 ] ::1 /Public/fonts/themify.woff?-fvbane
INFO: [ app_init ] --START--
INFO: Run Behavior\BuildLiteBehavior [ RunTime:0.000061s ]
INFO: [ app_init ] --END-- [ RunTime:0.005181s ]
ERR: 无法加载模块:Public

[ 2017-09-01T18:59:14+08:00 ] ::1 /Public/fonts/themify.ttf?-fvbane
INFO: [ app_init ] --START--
INFO: Run Behavior\BuildLiteBehavior [ RunTime:0.000052s ]
INFO: [ app_init ] --END-- [ RunTime:0.020466s ]
ERR: 无法加载模块:Public

[ 2017-09-01T18:59:16+08:00 ] ::1 /Public/js/jquery.min.map
INFO: [ app_init ] --START--
INFO: Run Behavior\BuildLiteBehavior [ RunTime:0.000044s ]
INFO: [ app_init ] --END-- [ RunTime:0.001581s ]
ERR: 无法加载模块:Public

[ 2017-09-01T18:59:20+08:00 ] ::1 /Public/fonts/themify.woff?-fvbane
INFO: [ app_init ] --START--
INFO: Run Behavior\BuildLiteBehavior [ RunTime:0.000034s ]
INFO: [ app_init ] --END-- [ RunTime:0.001261s ]
ERR: 无法加载模块:Public

[ 2017-09-01T18:59:20+08:00 ] ::1 /Public/fonts/themify.ttf?-fvbane
INFO: [ app_init ] --START--
INFO: Run Behavior\BuildLiteBehavior [ RunTime:0.000090s ]
INFO: [ app_init ] --END-- [ RunTime:0.016522s ]
ERR: 无法加载模块:Public

[ 2017-09-01T19:06:08+08:00 ] ::1 /Public/js/jquery.min.map
INFO: [ app_init ] --START--
INFO: Run Behavior\BuildLiteBehavior [ RunTime:0.000030s ]
INFO: [ app_init ] --END-- [ RunTime:0.001024s ]
ERR: 无法加载模块:Public

[ 2017-09-01T19:06:39+08:00 ] ::1 /Public/fonts/themify.woff?-fvbane
INFO: [ app_init ] --START--
INFO: Run Behavior\BuildLiteBehavior [ RunTime:0.000031s ]
INFO: [ app_init ] --END-- [ RunTime:0.001073s ]
ERR: 无法加载模块:Public

[ 2017-09-01T19:06:39+08:00 ] ::1 /Public/fonts/themify.ttf?-fvbane
INFO: [ app_init ] --START--
INFO: Run Behavior\BuildLiteBehavior [ RunTime:0.000066s ]
INFO: [ app_init ] --END-- [ RunTime:0.006400s ]
ERR: 无法加载模块:Public

[ 2017-09-01T19:15:11+08:00 ] ::1 /Public/js/jquery.min.map
INFO: [ app_init ] --START--
INFO: Run Behavior\BuildLiteBehavior [ RunTime:0.000053s ]
INFO: [ app_init ] --END-- [ RunTime:0.004469s ]
ERR: 无法加载模块:Public

[ 2017-09-01T19:17:26+08:00 ] ::1 /Public/js/jquery.min.map
INFO: [ app_init ] --START--
INFO: Run Behavior\BuildLiteBehavior [ RunTime:0.000048s ]
INFO: [ app_init ] --END-- [ RunTime:0.001657s ]
ERR: 无法加载模块:Public

[ 2017-09-01T19:17:40+08:00 ] ::1 /Public/js/jquery.min.map
INFO: [ app_init ] --START--
INFO: Run Behavior\BuildLiteBehavior [ RunTime:0.000052s ]
INFO: [ app_init ] --END-- [ RunTime:0.003081s ]
ERR: 无法加载模块:Public

[ 2017-09-01T19:18:21+08:00 ] ::1 /Public/js/jquery.min.map
INFO: [ app_init ] --START--
INFO: Run Behavior\BuildLiteBehavior [ RunTime:0.000050s ]
INFO: [ app_init ] --END-- [ RunTime:0.004018s ]
ERR: 无法加载模块:Public

[ 2017-09-01T19:18:28+08:00 ] ::1 /Public/js/jquery.min.map
INFO: [ app_init ] --START--
INFO: Run Behavior\BuildLiteBehavior [ RunTime:0.000054s ]
INFO: [ app_init ] --END-- [ RunTime:0.003166s ]
ERR: 无法加载模块:Public

[ 2017-09-01T19:18:31+08:00 ] ::1 /Public/js/jquery.min.map
INFO: [ app_init ] --START--
INFO: Run Behavior\BuildLiteBehavior [ RunTime:0.000044s ]
INFO: [ app_init ] --END-- [ RunTime:0.002175s ]
ERR: 无法加载模块:Public

[ 2017-09-01T19:18:34+08:00 ] ::1 /Public/js/jquery.min.map
INFO: [ app_init ] --START--
INFO: Run Behavior\BuildLiteBehavior [ RunTime:0.000044s ]
INFO: [ app_init ] --END-- [ RunTime:0.001604s ]
ERR: 无法加载模块:Public

[ 2017-09-01T19:18:36+08:00 ] ::1 /Public/js/jquery.min.map
INFO: [ app_init ] --START--
INFO: Run Behavior\BuildLiteBehavior [ RunTime:0.000054s ]
INFO: [ app_init ] --END-- [ RunTime:0.001676s ]
ERR: 无法加载模块:Public

[ 2017-09-01T19:18:42+08:00 ] ::1 /Public/js/jquery.min.map
INFO: [ app_init ] --START--
INFO: Run Behavior\BuildLiteBehavior [ RunTime:0.000047s ]
INFO: [ app_init ] --END-- [ RunTime:0.002170s ]
ERR: 无法加载模块:Public

[ 2017-09-01T19:18:46+08:00 ] ::1 /Public/js/jquery.min.map
INFO: [ app_init ] --START--
INFO: Run Behavior\BuildLiteBehavior [ RunTime:0.000127s ]
INFO: [ app_init ] --END-- [ RunTime:0.002057s ]
ERR: 无法加载模块:Public

[ 2017-09-01T19:20:08+08:00 ] ::1 /Public/js/jquery.min.map
INFO: [ app_init ] --START--
INFO: Run Behavior\BuildLiteBehavior [ RunTime:0.000044s ]
INFO: [ app_init ] --END-- [ RunTime:0.003649s ]
ERR: 无法加载模块:Public

[ 2017-09-01T19:20:38+08:00 ] ::1 /Public/js/jquery.min.map
INFO: [ app_init ] --START--
INFO: Run Behavior\BuildLiteBehavior [ RunTime:0.000048s ]
INFO: [ app_init ] --END-- [ RunTime:0.001766s ]
ERR: 无法加载模块:Public

[ 2017-09-01T19:20:42+08:00 ] ::1 /Public/fonts/themify.woff?-fvbane
INFO: [ app_init ] --START--
INFO: Run Behavior\BuildLiteBehavior [ RunTime:0.000034s ]
INFO: [ app_init ] --END-- [ RunTime:0.001769s ]
ERR: 无法加载模块:Public

[ 2017-09-01T19:20:42+08:00 ] ::1 /Public/fonts/themify.ttf?-fvbane
INFO: [ app_init ] --START--
INFO: Run Behavior\BuildLiteBehavior [ RunTime:0.000090s ]
INFO: [ app_init ] --END-- [ RunTime:0.014020s ]
ERR: 无法加载模块:Public

[ 2017-09-01T19:20:50+08:00 ] ::1 /Public/js/jquery.min.map
INFO: [ app_init ] --START--
INFO: Run Behavior\BuildLiteBehavior [ RunTime:0.000050s ]
INFO: [ app_init ] --END-- [ RunTime:0.002376s ]
ERR: 无法加载模块:Public

[ 2017-09-01T19:21:18+08:00 ] ::1 /Public/js/jquery.min.map
INFO: [ app_init ] --START--
INFO: Run Behavior\BuildLiteBehavior [ RunTime:0.000050s ]
INFO: [ app_init ] --END-- [ RunTime:0.003649s ]
ERR: 无法加载模块:Public

[ 2017-09-01T19:21:49+08:00 ] ::1 /Public/fonts/themify.woff?-fvbane
INFO: [ app_init ] --START--
INFO: Run Behavior\BuildLiteBehavior [ RunTime:0.000045s ]
INFO: [ app_init ] --END-- [ RunTime:0.001226s ]
ERR: 无法加载模块:Public

[ 2017-09-01T19:21:49+08:00 ] ::1 /Public/fonts/themify.ttf?-fvbane
INFO: [ app_init ] --START--
INFO: Run Behavior\BuildLiteBehavior [ RunTime:0.000218s ]
INFO: [ app_init ] --END-- [ RunTime:0.003193s ]
ERR: 无法加载模块:Public

[ 2017-09-01T19:22:36+08:00 ] ::1 /Public/js/jquery.min.map
INFO: [ app_init ] --START--
INFO: Run Behavior\BuildLiteBehavior [ RunTime:0.000049s ]
INFO: [ app_init ] --END-- [ RunTime:0.006828s ]
ERR: 无法加载模块:Public

[ 2017-09-01T19:22:50+08:00 ] ::1 /Public/js/jquery.min.map
INFO: [ app_init ] --START--
INFO: Run Behavior\BuildLiteBehavior [ RunTime:0.000054s ]
INFO: [ app_init ] --END-- [ RunTime:0.002217s ]
ERR: 无法加载模块:Public

[ 2017-09-01T19:23:05+08:00 ] ::1 /Public/js/jquery.min.map
INFO: [ app_init ] --START--
INFO: Run Behavior\BuildLiteBehavior [ RunTime:0.000052s ]
INFO: [ app_init ] --END-- [ RunTime:0.002613s ]
ERR: 无法加载模块:Public

[ 2017-09-01T19:23:33+08:00 ] ::1 /Public/js/jquery.min.map
INFO: [ app_init ] --START--
INFO: Run Behavior\BuildLiteBehavior [ RunTime:0.000103s ]
INFO: [ app_init ] --END-- [ RunTime:0.004086s ]
ERR: 无法加载模块:Public

[ 2017-09-01T19:23:47+08:00 ] ::1 /Public/js/jquery.min.map
INFO: [ app_init ] --START--
INFO: Run Behavior\BuildLiteBehavior [ RunTime:0.000198s ]
INFO: [ app_init ] --END-- [ RunTime:0.008422s ]
ERR: 无法加载模块:Public

[ 2017-09-01T19:23:57+08:00 ] ::1 /Public/js/jquery.min.map
INFO: [ app_init ] --START--
INFO: Run Behavior\BuildLiteBehavior [ RunTime:0.000060s ]
INFO: [ app_init ] --END-- [ RunTime:0.006317s ]
ERR: 无法加载模块:Public

[ 2017-09-01T19:24:27+08:00 ] ::1 /Public/js/jquery.min.map
INFO: [ app_init ] --START--
INFO: Run Behavior\BuildLiteBehavior [ RunTime:0.000084s ]
INFO: [ app_init ] --END-- [ RunTime:0.002000s ]
ERR: 无法加载模块:Public

[ 2017-09-01T19:24:56+08:00 ] ::1 /Public/js/jquery.min.map
INFO: [ app_init ] --START--
INFO: Run Behavior\BuildLiteBehavior [ RunTime:0.000047s ]
INFO: [ app_init ] --END-- [ RunTime:0.001391s ]
ERR: 无法加载模块:Public

[ 2017-09-01T19:25:03+08:00 ] ::1 /Public/fonts/themify.woff?-fvbane
INFO: [ app_init ] --START--
INFO: Run Behavior\BuildLiteBehavior [ RunTime:0.000071s ]
INFO: [ app_init ] --END-- [ RunTime:0.001553s ]
ERR: 无法加载模块:Public

[ 2017-09-01T19:25:04+08:00 ] ::1 /Public/fonts/themify.ttf?-fvbane
INFO: [ app_init ] --START--
INFO: Run Behavior\BuildLiteBehavior [ RunTime:0.000050s ]
INFO: [ app_init ] --END-- [ RunTime:0.003203s ]
ERR: 无法加载模块:Public

[ 2017-09-01T19:26:29+08:00 ] ::1 /Public/js/jquery.min.map
INFO: [ app_init ] --START--
INFO: Run Behavior\BuildLiteBehavior [ RunTime:0.000049s ]
INFO: [ app_init ] --END-- [ RunTime:0.001819s ]
ERR: 无法加载模块:Public

[ 2017-09-01T19:28:02+08:00 ] ::1 /Public/js/jquery.min.map
INFO: [ app_init ] --START--
INFO: Run Behavior\BuildLiteBehavior [ RunTime:0.000057s ]
INFO: [ app_init ] --END-- [ RunTime:0.001918s ]
ERR: 无法加载模块:Public

[ 2017-09-01T19:28:15+08:00 ] ::1 /Public/js/jquery.min.map
INFO: [ app_init ] --START--
INFO: Run Behavior\BuildLiteBehavior [ RunTime:0.000121s ]
INFO: [ app_init ] --END-- [ RunTime:0.002213s ]
ERR: 无法加载模块:Public

[ 2017-09-01T19:29:10+08:00 ] ::1 /Public/js/jquery.min.map
INFO: [ app_init ] --START--
INFO: Run Behavior\BuildLiteBehavior [ RunTime:0.000053s ]
INFO: [ app_init ] --END-- [ RunTime:0.002609s ]
ERR: 无法加载模块:Public

[ 2017-09-01T19:30:11+08:00 ] ::1 /Public/js/jquery.min.map
INFO: [ app_init ] --START--
INFO: Run Behavior\BuildLiteBehavior [ RunTime:0.000057s ]
INFO: [ app_init ] --END-- [ RunTime:0.001711s ]
ERR: 无法加载模块:Public

[ 2017-09-01T19:31:23+08:00 ] ::1 /Public/js/jquery.min.map
INFO: [ app_init ] --START--
INFO: Run Behavior\BuildLiteBehavior [ RunTime:0.000055s ]
INFO: [ app_init ] --END-- [ RunTime:0.002382s ]
ERR: 无法加载模块:Public

[ 2017-09-01T19:31:31+08:00 ] ::1 /Public/js/jquery.min.map
INFO: [ app_init ] --START--
INFO: Run Behavior\BuildLiteBehavior [ RunTime:0.000046s ]
INFO: [ app_init ] --END-- [ RunTime:0.001561s ]
ERR: 无法加载模块:Public

[ 2017-09-01T19:31:51+08:00 ] ::1 /Public/js/jquery.min.map
INFO: [ app_init ] --START--
INFO: Run Behavior\BuildLiteBehavior [ RunTime:0.000050s ]
INFO: [ app_init ] --END-- [ RunTime:0.001601s ]
ERR: 无法加载模块:Public

[ 2017-09-01T19:32:59+08:00 ] ::1 /Public/js/jquery.min.map
INFO: [ app_init ] --START--
INFO: Run Behavior\BuildLiteBehavior [ RunTime:0.000047s ]
INFO: [ app_init ] --END-- [ RunTime:0.001838s ]
ERR: 无法加载模块:Public

[ 2017-09-01T19:33:53+08:00 ] ::1 /Public/js/jquery.min.map
INFO: [ app_init ] --START--
INFO: Run Behavior\BuildLiteBehavior [ RunTime:0.000049s ]
INFO: [ app_init ] --END-- [ RunTime:0.001623s ]
ERR: 无法加载模块:Public

[ 2017-09-01T19:34:26+08:00 ] ::1 /Public/js/jquery.min.map
INFO: [ app_init ] --START--
INFO: Run Behavior\BuildLiteBehavior [ RunTime:0.000052s ]
INFO: [ app_init ] --END-- [ RunTime:0.001982s ]
ERR: 无法加载模块:Public

[ 2017-09-01T19:34:40+08:00 ] ::1 /Public/js/jquery.min.map
INFO: [ app_init ] --START--
INFO: Run Behavior\BuildLiteBehavior [ RunTime:0.000045s ]
INFO: [ app_init ] --END-- [ RunTime:0.001602s ]
ERR: 无法加载模块:Public

[ 2017-09-01T19:34:55+08:00 ] ::1 /Public/js/jquery.min.map
INFO: [ app_init ] --START--
INFO: Run Behavior\BuildLiteBehavior [ RunTime:0.000049s ]
INFO: [ app_init ] --END-- [ RunTime:0.001836s ]
ERR: 无法加载模块:Public

[ 2017-09-01T19:35:11+08:00 ] ::1 /Public/js/jquery.min.map
INFO: [ app_init ] --START--
INFO: Run Behavior\BuildLiteBehavior [ RunTime:0.000053s ]
INFO: [ app_init ] --END-- [ RunTime:0.002532s ]
ERR: 无法加载模块:Public

[ 2017-09-01T19:35:32+08:00 ] ::1 /Public/js/jquery.min.map
INFO: [ app_init ] --START--
INFO: Run Behavior\BuildLiteBehavior [ RunTime:0.000051s ]
INFO: [ app_init ] --END-- [ RunTime:0.002124s ]
ERR: 无法加载模块:Public

[ 2017-09-01T19:35:59+08:00 ] ::1 /Public/js/jquery.min.map
INFO: [ app_init ] --START--
INFO: Run Behavior\BuildLiteBehavior [ RunTime:0.000047s ]
INFO: [ app_init ] --END-- [ RunTime:0.001540s ]
ERR: 无法加载模块:Public

[ 2017-09-01T19:36:28+08:00 ] ::1 /Public/js/jquery.min.map
INFO: [ app_init ] --START--
INFO: Run Behavior\BuildLiteBehavior [ RunTime:0.000047s ]
INFO: [ app_init ] --END-- [ RunTime:0.001576s ]
ERR: 无法加载模块:Public

[ 2017-09-01T19:36:41+08:00 ] ::1 /Public/js/jquery.min.map
INFO: [ app_init ] --START--
INFO: Run Behavior\BuildLiteBehavior [ RunTime:0.000059s ]
INFO: [ app_init ] --END-- [ RunTime:0.001742s ]
ERR: 无法加载模块:Public

[ 2017-09-01T19:36:58+08:00 ] ::1 /Public/js/jquery.min.map
INFO: [ app_init ] --START--
INFO: Run Behavior\BuildLiteBehavior [ RunTime:0.000049s ]
INFO: [ app_init ] --END-- [ RunTime:0.001542s ]
ERR: 无法加载模块:Public

[ 2017-09-01T19:37:53+08:00 ] ::1 /Public/js/jquery.min.map
INFO: [ app_init ] --START--
INFO: Run Behavior\BuildLiteBehavior [ RunTime:0.000047s ]
INFO: [ app_init ] --END-- [ RunTime:0.001573s ]
ERR: 无法加载模块:Public

[ 2017-09-01T19:38:21+08:00 ] ::1 /Public/js/jquery.min.map
INFO: [ app_init ] --START--
INFO: Run Behavior\BuildLiteBehavior [ RunTime:0.000055s ]
INFO: [ app_init ] --END-- [ RunTime:0.002925s ]
ERR: 无法加载模块:Public

[ 2017-09-01T19:38:35+08:00 ] ::1 /Public/js/jquery.min.map
INFO: [ app_init ] --START--
INFO: Run Behavior\BuildLiteBehavior [ RunTime:0.000049s ]
INFO: [ app_init ] --END-- [ RunTime:0.002956s ]
ERR: 无法加载模块:Public

[ 2017-09-01T19:39:22+08:00 ] ::1 /Public/js/jquery.min.map
INFO: [ app_init ] --START--
INFO: Run Behavior\BuildLiteBehavior [ RunTime:0.000046s ]
INFO: [ app_init ] --END-- [ RunTime:0.002769s ]
ERR: 无法加载模块:Public

[ 2017-09-01T19:40:04+08:00 ] ::1 /Public/js/jquery.min.map
INFO: [ app_init ] --START--
INFO: Run Behavior\BuildLiteBehavior [ RunTime:0.000055s ]
INFO: [ app_init ] --END-- [ RunTime:0.002041s ]
ERR: 无法加载模块:Public

[ 2017-09-01T19:40:59+08:00 ] ::1 /Public/js/jquery.min.map
INFO: [ app_init ] --START--
INFO: Run Behavior\BuildLiteBehavior [ RunTime:0.000058s ]
INFO: [ app_init ] --END-- [ RunTime:0.019358s ]
ERR: 无法加载模块:Public

[ 2017-09-01T19:41:08+08:00 ] ::1 /Public/js/jquery.min.map
INFO: [ app_init ] --START--
INFO: Run Behavior\BuildLiteBehavior [ RunTime:0.000049s ]
INFO: [ app_init ] --END-- [ RunTime:0.001668s ]
ERR: 无法加载模块:Public

[ 2017-09-01T19:41:17+08:00 ] ::1 /Public/js/jquery.min.map
INFO: [ app_init ] --START--
INFO: Run Behavior\BuildLiteBehavior [ RunTime:0.000043s ]
INFO: [ app_init ] --END-- [ RunTime:0.001490s ]
ERR: 无法加载模块:Public

[ 2017-09-01T19:41:39+08:00 ] ::1 /Public/js/jquery.min.map
INFO: [ app_init ] --START--
INFO: Run Behavior\BuildLiteBehavior [ RunTime:0.000046s ]
INFO: [ app_init ] --END-- [ RunTime:0.001622s ]
ERR: 无法加载模块:Public

[ 2017-09-01T19:41:49+08:00 ] ::1 /Public/js/jquery.min.map
INFO: [ app_init ] --START--
INFO: Run Behavior\BuildLiteBehavior [ RunTime:0.000047s ]
INFO: [ app_init ] --END-- [ RunTime:0.001611s ]
ERR: 无法加载模块:Public

[ 2017-09-01T19:42:40+08:00 ] ::1 /Public/js/jquery.min.map
INFO: [ app_init ] --START--
INFO: Run Behavior\BuildLiteBehavior [ RunTime:0.000059s ]
INFO: [ app_init ] --END-- [ RunTime:0.006063s ]
ERR: 无法加载模块:Public

[ 2017-09-01T19:42:52+08:00 ] ::1 /Public/js/jquery.min.map
INFO: [ app_init ] --START--
INFO: Run Behavior\BuildLiteBehavior [ RunTime:0.000046s ]
INFO: [ app_init ] --END-- [ RunTime:0.001598s ]
ERR: 无法加载模块:Public

[ 2017-09-01T19:43:12+08:00 ] ::1 /Public/js/jquery.min.map
INFO: [ app_init ] --START--
INFO: Run Behavior\BuildLiteBehavior [ RunTime:0.000075s ]
INFO: [ app_init ] --END-- [ RunTime:0.003354s ]
ERR: 无法加载模块:Public

[ 2017-09-01T19:43:51+08:00 ] ::1 /Public/js/jquery.min.map
INFO: [ app_init ] --START--
INFO: Run Behavior\BuildLiteBehavior [ RunTime:0.000048s ]
INFO: [ app_init ] --END-- [ RunTime:0.001596s ]
ERR: 无法加载模块:Public

[ 2017-09-01T19:44:27+08:00 ] ::1 /Public/js/jquery.min.map
INFO: [ app_init ] --START--
INFO: Run Behavior\BuildLiteBehavior [ RunTime:0.000052s ]
INFO: [ app_init ] --END-- [ RunTime:0.001617s ]
ERR: 无法加载模块:Public

[ 2017-09-01T19:49:17+08:00 ] ::1 /favicon.ico
INFO: [ app_init ] --START--
INFO: Run Behavior\BuildLiteBehavior [ RunTime:0.000031s ]
INFO: [ app_init ] --END-- [ RunTime:0.001246s ]
ERR: 无法加载模块:Favicon

[ 2017-09-01T19:49:18+08:00 ] ::1 /favicon.ico
INFO: [ app_init ] --START--
INFO: Run Behavior\BuildLiteBehavior [ RunTime:0.000032s ]
INFO: [ app_init ] --END-- [ RunTime:0.002208s ]
ERR: 无法加载模块:Favicon

[ 2017-09-01T19:49:23+08:00 ] ::1 /Public/js/jquery.min.map
INFO: [ app_init ] --START--
INFO: Run Behavior\BuildLiteBehavior [ RunTime:0.000055s ]
INFO: [ app_init ] --END-- [ RunTime:0.005328s ]
ERR: 无法加载模块:Public

[ 2017-09-01T19:49:23+08:00 ] ::1 /images/img_bg_1.jpg
INFO: [ app_init ] --START--
INFO: Run Behavior\BuildLiteBehavior [ RunTime:0.000072s ]
INFO: [ app_init ] --END-- [ RunTime:0.035490s ]
ERR: 无法加载模块:Images

[ 2017-09-01T19:49:31+08:00 ] ::1 /Public/js/jquery.min.map
INFO: [ app_init ] --START--
INFO: Run Behavior\BuildLiteBehavior [ RunTime:0.000089s ]
INFO: [ app_init ] --END-- [ RunTime:0.002849s ]
ERR: 无法加载模块:Public

[ 2017-09-01T19:50:22+08:00 ] ::1 /Public/js/jquery.min.map
INFO: [ app_init ] --START--
INFO: Run Behavior\BuildLiteBehavior [ RunTime:0.000057s ]
INFO: [ app_init ] --END-- [ RunTime:0.001908s ]
ERR: 无法加载模块:Public

[ 2017-09-01T19:50:53+08:00 ] ::1 /Public/js/jquery.min.map
INFO: [ app_init ] --START--
INFO: Run Behavior\BuildLiteBehavior [ RunTime:0.000053s ]
INFO: [ app_init ] --END-- [ RunTime:0.003354s ]
ERR: 无法加载模块:Public

[ 2017-09-01T19:52:20+08:00 ] ::1 /Public/js/jquery.min.map
INFO: [ app_init ] --START--
INFO: Run Behavior\BuildLiteBehavior [ RunTime:0.000065s ]
INFO: [ app_init ] --END-- [ RunTime:0.002005s ]
ERR: 无法加载模块:Public

[ 2017-09-01T19:53:26+08:00 ] ::1 /Public/js/jquery.min.map
INFO: [ app_init ] --START--
INFO: Run Behavior\BuildLiteBehavior [ RunTime:0.000031s ]
INFO: [ app_init ] --END-- [ RunTime:0.001058s ]
ERR: 无法加载模块:Public

[ 2017-09-01T19:53:43+08:00 ] ::1 /Public/js/jquery.min.map
INFO: [ app_init ] --START--
INFO: Run Behavior\BuildLiteBehavior [ RunTime:0.000119s ]
INFO: [ app_init ] --END-- [ RunTime:0.003365s ]
ERR: 无法加载模块:Public

[ 2017-09-01T19:54:13+08:00 ] ::1 /Public/js/jquery.min.map
INFO: [ app_init ] --START--
INFO: Run Behavior\BuildLiteBehavior [ RunTime:0.000070s ]
INFO: [ app_init ] --END-- [ RunTime:0.002535s ]
ERR: 无法加载模块:Public

[ 2017-09-01T19:54:36+08:00 ] ::1 /Public/js/jquery.min.map
INFO: [ app_init ] --START--
INFO: Run Behavior\BuildLiteBehavior [ RunTime:0.000055s ]
INFO: [ app_init ] --END-- [ RunTime:0.001883s ]
ERR: 无法加载模块:Public

[ 2017-09-01T19:59:25+08:00 ] ::1 /Public/js/jquery.min.map
INFO: [ app_init ] --START--
INFO: Run Behavior\BuildLiteBehavior [ RunTime:0.000048s ]
INFO: [ app_init ] --END-- [ RunTime:0.010447s ]
ERR: 无法加载模块:Public

[ 2017-09-01T19:59:40+08:00 ] ::1 /Public/fonts/themify.woff?-fvbane
INFO: [ app_init ] --START--
INFO: Run Behavior\BuildLiteBehavior [ RunTime:0.000033s ]
INFO: [ app_init ] --END-- [ RunTime:0.001460s ]
ERR: 无法加载模块:Public

[ 2017-09-01T19:59:40+08:00 ] ::1 /Public/fonts/themify.ttf?-fvbane
INFO: [ app_init ] --START--
INFO: Run Behavior\BuildLiteBehavior [ RunTime:0.000676s ]
INFO: [ app_init ] --END-- [ RunTime:0.005835s ]
ERR: 无法加载模块:Public

[ 2017-09-01T20:07:59+08:00 ] ::1 /Public/js/jquery.min.map
INFO: [ app_init ] --START--
INFO: Run Behavior\BuildLiteBehavior [ RunTime:0.000046s ]
INFO: [ app_init ] --END-- [ RunTime:0.002075s ]
ERR: 无法加载模块:Public

[ 2017-09-01T20:18:17+08:00 ] ::1 /favicon.ico
INFO: [ app_init ] --START--
INFO: Run Behavior\BuildLiteBehavior [ RunTime:0.000054s ]
INFO: [ app_init ] --END-- [ RunTime:0.005155s ]
ERR: 无法加载模块:Favicon

[ 2017-09-01T20:18:18+08:00 ] ::1 /favicon.ico
INFO: [ app_init ] --START--
INFO: Run Behavior\BuildLiteBehavior [ RunTime:0.000084s ]
INFO: [ app_init ] --END-- [ RunTime:0.002108s ]
ERR: 无法加载模块:Favicon

[ 2017-09-01T20:18:19+08:00 ] ::1 /images/img_bg_1.jpg
INFO: [ app_init ] --START--
INFO: Run Behavior\BuildLiteBehavior [ RunTime:0.000053s ]
INFO: [ app_init ] --END-- [ RunTime:0.001668s ]
ERR: 无法加载模块:Images

[ 2017-09-01T20:27:35+08:00 ] ::1 /images/img_bg_1.jpg
INFO: [ app_init ] --START--
INFO: Run Behavior\BuildLiteBehavior [ RunTime:0.000055s ]
INFO: [ app_init ] --END-- [ RunTime:0.001791s ]
ERR: 无法加载模块:Images

