[ 2017-07-12T16:47:49+08:00 ] 127.0.0.1 /
INFO: [ app_init ] --START--
INFO: Run Behavior\BuildLiteBehavior [ RunTime:0.000013s ]
INFO: [ app_init ] --END-- [ RunTime:0.000279s ]

[ 2017-07-12T16:47:56+08:00 ] 127.0.0.1 /index.php/Home/index/index.html
INFO: [ app_init ] --START--
INFO: Run Behavior\BuildLiteBehavior [ RunTime:0.000011s ]
INFO: [ app_init ] --END-- [ RunTime:0.000279s ]

[ 2017-07-12T16:47:57+08:00 ] 127.0.0.1 /index.php/Home/index/user.html
INFO: [ app_init ] --START--
INFO: Run Behavior\BuildLiteBehavior [ RunTime:0.000016s ]
INFO: [ app_init ] --END-- [ RunTime:0.000373s ]

[ 2017-07-12T16:47:57+08:00 ] 127.0.0.1 /index.php/Home/index/images/img_bg_1.jpg
INFO: [ app_init ] --START--
INFO: Run Behavior\BuildLiteBehavior [ RunTime:0.000021s ]
INFO: [ app_init ] --END-- [ RunTime:0.000388s ]

[ 2017-07-12T16:47:57+08:00 ] 127.0.0.1 /index.php/Home/index/favicon.ico
INFO: [ app_init ] --START--
INFO: Run Behavior\BuildLiteBehavior [ RunTime:0.000021s ]
INFO: [ app_init ] --END-- [ RunTime:0.000429s ]

[ 2017-07-12T19:07:27+08:00 ] 127.0.0.1 /index.php
INFO: [ app_init ] --START--
INFO: Run Behavior\BuildLiteBehavior [ RunTime:0.000017s ]
INFO: [ app_init ] --END-- [ RunTime:0.000433s ]

[ 2017-07-12T19:20:26+08:00 ] 127.0.0.1 /index.php/Home/index/user.html
INFO: [ app_init ] --START--
INFO: Run Behavior\BuildLiteBehavior [ RunTime:0.000013s ]
INFO: [ app_init ] --END-- [ RunTime:0.000476s ]

[ 2017-07-12T19:20:27+08:00 ] 127.0.0.1 /index.php/Home/index/images/img_bg_1.jpg
INFO: [ app_init ] --START--
INFO: Run Behavior\BuildLiteBehavior [ RunTime:0.000017s ]
INFO: [ app_init ] --END-- [ RunTime:0.000407s ]

[ 2017-07-12T19:20:29+08:00 ] 127.0.0.1 /index.php/Home/index/user.html
INFO: [ app_init ] --START--
INFO: Run Behavior\BuildLiteBehavior [ RunTime:0.000016s ]
INFO: [ app_init ] --END-- [ RunTime:0.000364s ]

[ 2017-07-12T19:20:30+08:00 ] 127.0.0.1 /index.php/Home/index/user.html
INFO: [ app_init ] --START--
INFO: Run Behavior\BuildLiteBehavior [ RunTime:0.000012s ]
INFO: [ app_init ] --END-- [ RunTime:0.000305s ]

[ 2017-07-12T19:20:30+08:00 ] 127.0.0.1 /index.php/Home/index/images/img_bg_1.jpg
INFO: [ app_init ] --START--
INFO: Run Behavior\BuildLiteBehavior [ RunTime:0.000018s ]
INFO: [ app_init ] --END-- [ RunTime:0.000416s ]

[ 2017-07-12T19:20:43+08:00 ] 127.0.0.1 /index.php/Home/index/user.html
INFO: [ app_init ] --START--
INFO: Run Behavior\BuildLiteBehavior [ RunTime:0.000015s ]
INFO: [ app_init ] --END-- [ RunTime:0.000365s ]

[ 2017-07-12T19:20:44+08:00 ] 127.0.0.1 /index.php/Home/index/user.html
INFO: [ app_init ] --START--
INFO: Run Behavior\BuildLiteBehavior [ RunTime:0.000015s ]
INFO: [ app_init ] --END-- [ RunTime:0.000418s ]

[ 2017-07-12T19:20:44+08:00 ] 127.0.0.1 /index.php/Home/index/images/img_bg_1.jpg
INFO: [ app_init ] --START--
INFO: Run Behavior\BuildLiteBehavior [ RunTime:0.000017s ]
INFO: [ app_init ] --END-- [ RunTime:0.000415s ]

[ 2017-07-12T19:21:04+08:00 ] 127.0.0.1 /index.php/Home/index/user.html
INFO: [ app_init ] --START--
INFO: Run Behavior\BuildLiteBehavior [ RunTime:0.000022s ]
INFO: [ app_init ] --END-- [ RunTime:0.000487s ]

[ 2017-07-12T19:21:05+08:00 ] 127.0.0.1 /index.php/Home/index/user.html
INFO: [ app_init ] --START--
INFO: Run Behavior\BuildLiteBehavior [ RunTime:0.000011s ]
INFO: [ app_init ] --END-- [ RunTime:0.000290s ]

[ 2017-07-12T19:21:05+08:00 ] 127.0.0.1 /index.php/Home/index/images/img_bg_1.jpg
INFO: [ app_init ] --START--
INFO: Run Behavior\BuildLiteBehavior [ RunTime:0.000018s ]
INFO: [ app_init ] --END-- [ RunTime:0.000432s ]

[ 2017-07-12T20:54:14+08:00 ] 127.0.0.1 /
INFO: [ app_init ] --START--
INFO: Run Behavior\BuildLiteBehavior [ RunTime:0.000012s ]
INFO: [ app_init ] --END-- [ RunTime:0.000277s ]

[ 2017-07-12T20:54:18+08:00 ] 127.0.0.1 /index.php/Home/index/index.html
INFO: [ app_init ] --START--
INFO: Run Behavior\BuildLiteBehavior [ RunTime:0.000017s ]
INFO: [ app_init ] --END-- [ RunTime:0.000407s ]

[ 2017-07-12T20:54:19+08:00 ] 127.0.0.1 /index.php/Home/index/user.html
INFO: [ app_init ] --START--
INFO: Run Behavior\BuildLiteBehavior [ RunTime:0.000014s ]
INFO: [ app_init ] --END-- [ RunTime:0.000311s ]

[ 2017-07-12T20:54:19+08:00 ] 127.0.0.1 /index.php/Home/index/images/img_bg_1.jpg
INFO: [ app_init ] --START--
INFO: Run Behavior\BuildLiteBehavior [ RunTime:0.000021s ]
INFO: [ app_init ] --END-- [ RunTime:0.000469s ]

[ 2017-07-12T20:54:19+08:00 ] 127.0.0.1 /index.php/Home/index/favicon.ico
INFO: [ app_init ] --START--
INFO: Run Behavior\BuildLiteBehavior [ RunTime:0.000019s ]
INFO: [ app_init ] --END-- [ RunTime:0.000399s ]

[ 2017-07-12T21:59:55+08:00 ] ::1 /
INFO: [ app_init ] --START--
INFO: Run Behavior\BuildLiteBehavior [ RunTime:0.000016s ]
INFO: [ app_init ] --END-- [ RunTime:0.000291s ]

[ 2017-07-12T22:00:00+08:00 ] ::1 /index.php/Home/index/index.html
INFO: [ app_init ] --START--
INFO: Run Behavior\BuildLiteBehavior [ RunTime:0.000018s ]
INFO: [ app_init ] --END-- [ RunTime:0.000494s ]

[ 2017-07-12T22:00:02+08:00 ] ::1 /index.php/Home/index/user.html
INFO: [ app_init ] --START--
INFO: Run Behavior\BuildLiteBehavior [ RunTime:0.000014s ]
INFO: [ app_init ] --END-- [ RunTime:0.000305s ]

[ 2017-07-12T22:00:02+08:00 ] ::1 /index.php/Home/index/images/img_bg_1.jpg
INFO: [ app_init ] --START--
INFO: Run Behavior\BuildLiteBehavior [ RunTime:0.000020s ]
INFO: [ app_init ] --END-- [ RunTime:0.000455s ]

[ 2017-07-12T22:00:02+08:00 ] ::1 /index.php/Home/index/favicon.ico
INFO: [ app_init ] --START--
INFO: Run Behavior\BuildLiteBehavior [ RunTime:0.000020s ]
INFO: [ app_init ] --END-- [ RunTime:0.000472s ]

[ 2017-07-12T22:01:44+08:00 ] ::1 /index.php/Home/index/user.html
INFO: [ app_init ] --START--
INFO: Run Behavior\BuildLiteBehavior [ RunTime:0.000012s ]
INFO: [ app_init ] --END-- [ RunTime:0.000410s ]

[ 2017-07-12T22:01:44+08:00 ] ::1 /index.php/Home/index/images/img_bg_1.jpg
INFO: [ app_init ] --START--
INFO: Run Behavior\BuildLiteBehavior [ RunTime:0.000018s ]
INFO: [ app_init ] --END-- [ RunTime:0.000400s ]

[ 2017-07-12T22:02:37+08:00 ] ::1 /index.php/Home/index/user.html
INFO: [ app_init ] --START--
INFO: Run Behavior\BuildLiteBehavior [ RunTime:0.000012s ]
INFO: [ app_init ] --END-- [ RunTime:0.000411s ]

[ 2017-07-12T22:02:37+08:00 ] ::1 /index.php/Home/index/images/img_bg_1.jpg
INFO: [ app_init ] --START--
INFO: Run Behavior\BuildLiteBehavior [ RunTime:0.000019s ]
INFO: [ app_init ] --END-- [ RunTime:0.000441s ]

[ 2017-07-12T22:12:04+08:00 ] ::1 /index.php/Home/index/user.html
INFO: [ app_init ] --START--
INFO: Run Behavior\BuildLiteBehavior [ RunTime:0.000013s ]
INFO: [ app_init ] --END-- [ RunTime:0.000330s ]

[ 2017-07-12T22:12:04+08:00 ] ::1 /index.php/Home/index/images/img_bg_1.jpg
INFO: [ app_init ] --START--
INFO: Run Behavior\BuildLiteBehavior [ RunTime:0.000018s ]
INFO: [ app_init ] --END-- [ RunTime:0.000438s ]

[ 2017-07-12T22:12:14+08:00 ] ::1 /index.php/Home/index/user.html
INFO: [ app_init ] --START--
INFO: Run Behavior\BuildLiteBehavior [ RunTime:0.000019s ]
INFO: [ app_init ] --END-- [ RunTime:0.000493s ]

[ 2017-07-12T22:12:14+08:00 ] ::1 /index.php/Home/index/images/img_bg_1.jpg
INFO: [ app_init ] --START--
INFO: Run Behavior\BuildLiteBehavior [ RunTime:0.000012s ]
INFO: [ app_init ] --END-- [ RunTime:0.000282s ]

[ 2017-07-12T22:15:34+08:00 ] ::1 /index.php/Home/index/user.html
INFO: [ app_init ] --START--
INFO: Run Behavior\BuildLiteBehavior [ RunTime:0.000011s ]
INFO: [ app_init ] --END-- [ RunTime:0.000382s ]

[ 2017-07-12T22:15:35+08:00 ] ::1 /index.php/Home/index/images/img_bg_1.jpg
INFO: [ app_init ] --START--
INFO: Run Behavior\BuildLiteBehavior [ RunTime:0.000017s ]
INFO: [ app_init ] --END-- [ RunTime:0.000390s ]

[ 2017-07-12T22:19:08+08:00 ] ::1 /index.php/Home/index/user.html
INFO: [ app_init ] --START--
INFO: Run Behavior\BuildLiteBehavior [ RunTime:0.000012s ]
INFO: [ app_init ] --END-- [ RunTime:0.000372s ]

[ 2017-07-12T22:19:09+08:00 ] ::1 /index.php/Home/index/images/img_bg_1.jpg
INFO: [ app_init ] --START--
INFO: Run Behavior\BuildLiteBehavior [ RunTime:0.000011s ]
INFO: [ app_init ] --END-- [ RunTime:0.000309s ]

[ 2017-07-12T22:19:10+08:00 ] ::1 /index.php/Home/index/user.html
INFO: [ app_init ] --START--
INFO: Run Behavior\BuildLiteBehavior [ RunTime:0.000015s ]
INFO: [ app_init ] --END-- [ RunTime:0.000406s ]

[ 2017-07-12T22:19:11+08:00 ] ::1 /index.php/Home/index/images/img_bg_1.jpg
INFO: [ app_init ] --START--
INFO: Run Behavior\BuildLiteBehavior [ RunTime:0.000017s ]
INFO: [ app_init ] --END-- [ RunTime:0.000407s ]

[ 2017-07-12T22:28:45+08:00 ] ::1 /index.php/Home/index/user.html
INFO: [ app_init ] --START--
INFO: Run Behavior\BuildLiteBehavior [ RunTime:0.000020s ]
INFO: [ app_init ] --END-- [ RunTime:0.000495s ]
ERR: 1066:Not unique table/alias: 'bike'
 [ SQL语句 ] : SELECT * FROM `bike` INNER JOIN bike ON bike.bike_id = bike.bike_id  

[ 2017-07-12T22:29:22+08:00 ] ::1 /index.php/Home/index/user.html
INFO: [ app_init ] --START--
INFO: Run Behavior\BuildLiteBehavior [ RunTime:0.000018s ]
INFO: [ app_init ] --END-- [ RunTime:0.000496s ]
ERR: 1066:Not unique table/alias: 'bike'
 [ SQL语句 ] : SELECT * FROM `bike` INNER JOIN bike ON bike.bike_id = bike.bike_id INNER JOIN bike ON bike.bike_id = bike.bike_id  

[ 2017-07-12T22:30:31+08:00 ] ::1 /index.php/Home/index/user.html
INFO: [ app_init ] --START--
INFO: Run Behavior\BuildLiteBehavior [ RunTime:0.000017s ]
INFO: [ app_init ] --END-- [ RunTime:0.000410s ]

[ 2017-07-12T22:30:32+08:00 ] ::1 /index.php/Home/index/images/img_bg_1.jpg
INFO: [ app_init ] --START--
INFO: Run Behavior\BuildLiteBehavior [ RunTime:0.000022s ]
INFO: [ app_init ] --END-- [ RunTime:0.000404s ]

[ 2017-07-12T22:31:53+08:00 ] ::1 /index.php/Home/index/user.html
INFO: [ app_init ] --START--
INFO: Run Behavior\BuildLiteBehavior [ RunTime:0.000018s ]
INFO: [ app_init ] --END-- [ RunTime:0.000511s ]
ERR: 1066:Not unique table/alias: 'bike'
 [ SQL语句 ] : SELECT * FROM `bike` INNER JOIN user ON bike.bike_id = user.user_id INNER JOIN bike ON bike.bike_id = borrow.bike_id  

[ 2017-07-12T22:31:54+08:00 ] ::1 /index.php/Home/index/user.html
INFO: [ app_init ] --START--
INFO: Run Behavior\BuildLiteBehavior [ RunTime:0.000017s ]
INFO: [ app_init ] --END-- [ RunTime:0.000504s ]
ERR: 1066:Not unique table/alias: 'bike'
 [ SQL语句 ] : SELECT * FROM `bike` INNER JOIN user ON bike.bike_id = user.user_id INNER JOIN bike ON bike.bike_id = borrow.bike_id  

[ 2017-07-12T22:32:16+08:00 ] ::1 /index.php/Home/index/user.html
INFO: [ app_init ] --START--
INFO: Run Behavior\BuildLiteBehavior [ RunTime:0.000019s ]
INFO: [ app_init ] --END-- [ RunTime:0.000466s ]
ERR: 1066:Not unique table/alias: 'bike'
 [ SQL语句 ] : SELECT * FROM `bike` INNER JOIN bike ON bike.bike_id = user.user_id INNER JOIN bike ON bike.bike_id = borrow.bike_id  

[ 2017-07-12T22:32:17+08:00 ] ::1 /index.php/Home/index/user.html
INFO: [ app_init ] --START--
INFO: Run Behavior\BuildLiteBehavior [ RunTime:0.000019s ]
INFO: [ app_init ] --END-- [ RunTime:0.000571s ]
ERR: 1066:Not unique table/alias: 'bike'
 [ SQL语句 ] : SELECT * FROM `bike` INNER JOIN bike ON bike.bike_id = user.user_id INNER JOIN bike ON bike.bike_id = borrow.bike_id  

[ 2017-07-12T22:32:53+08:00 ] ::1 /index.php/Home/index/user.html
INFO: [ app_init ] --START--
INFO: Run Behavior\BuildLiteBehavior [ RunTime:0.000018s ]
INFO: [ app_init ] --END-- [ RunTime:0.000488s ]
ERR: 1066:Not unique table/alias: 'bike'
 [ SQL语句 ] : SELECT * FROM `bike` INNER JOIN bike ON bike.bike_id = user.user_id INNER JOIN user ON user.user_id = borrow.bike_id  

[ 2017-07-12T22:32:54+08:00 ] ::1 /index.php/Home/index/user.html
INFO: [ app_init ] --START--
INFO: Run Behavior\BuildLiteBehavior [ RunTime:0.000017s ]
INFO: [ app_init ] --END-- [ RunTime:0.000519s ]
ERR: 1066:Not unique table/alias: 'bike'
 [ SQL语句 ] : SELECT * FROM `bike` INNER JOIN bike ON bike.bike_id = user.user_id INNER JOIN user ON user.user_id = borrow.bike_id  

[ 2017-07-12T22:34:30+08:00 ] ::1 /index.php/Home/index/user.html
INFO: [ app_init ] --START--
INFO: Run Behavior\BuildLiteBehavior [ RunTime:0.000016s ]
INFO: [ app_init ] --END-- [ RunTime:0.000461s ]
ERR: 1066:Not unique table/alias: 'bike'
 [ SQL语句 ] : SELECT * FROM `bike` INNER JOIN bike ON bike.bike_id = borrow.user_id INNER JOIN bike ON user.user_id = borrow.bike_id  

[ 2017-07-12T22:34:31+08:00 ] ::1 /index.php/Home/index/user.html
INFO: [ app_init ] --START--
INFO: Run Behavior\BuildLiteBehavior [ RunTime:0.000013s ]
INFO: [ app_init ] --END-- [ RunTime:0.000303s ]
ERR: 1066:Not unique table/alias: 'bike'
 [ SQL语句 ] : SELECT * FROM `bike` INNER JOIN bike ON bike.bike_id = borrow.user_id INNER JOIN bike ON user.user_id = borrow.bike_id  

[ 2017-07-12T22:34:59+08:00 ] ::1 /index.php/Home/index/user.html
INFO: [ app_init ] --START--
INFO: Run Behavior\BuildLiteBehavior [ RunTime:0.000016s ]
INFO: [ app_init ] --END-- [ RunTime:0.000463s ]
ERR: 1066:Not unique table/alias: 'bike'
 [ SQL语句 ] : SELECT * FROM `bike` INNER JOIN user ON bike.bike_id = borrow.user_id INNER JOIN bike ON user.user_id = borrow.bike_id  

[ 2017-07-12T22:35:10+08:00 ] ::1 /index.php/Home/index/user.html
INFO: [ app_init ] --START--
INFO: Run Behavior\BuildLiteBehavior [ RunTime:0.000016s ]
INFO: [ app_init ] --END-- [ RunTime:0.000467s ]

[ 2017-07-12T22:35:10+08:00 ] ::1 /index.php/Home/index/images/img_bg_1.jpg
INFO: [ app_init ] --START--
INFO: Run Behavior\BuildLiteBehavior [ RunTime:0.000019s ]
INFO: [ app_init ] --END-- [ RunTime:0.000410s ]

